find_executable: checking for pg_config... -------------------- yes

--------------------

find_header: checking for libpq-fe.h... -------------------- yes

"gcc -o conftest -I/usr/local/rvm/rubies/ruby-2.2.2/include/ruby-2.2.0/x86_64-linux -I/usr/local/rvm/rubies/ruby-2.2.2/include/ruby-2.2.0/ruby/backward -I/usr/local/rvm/rubies/ruby-2.2.2/include/ruby-2.2.0 -I. -I/usr/include     -O3 -fno-fast-math -ggdb3 -Wall -Wextra -Wno-unused-parameter -Wno-parentheses -Wno-long-long -Wno-missing-field-initializers -Wunused-variable -Wpointer-arith -Wwrite-strings -Wdeclaration-after-statement -Wimplicit-function-declaration -Wdeprecated-declarations -Wno-packed-bitfield-compat  -fPIC conftest.c  -L/usr/lib64 -Wl,-R/usr/lib64 -L. -L/usr/local/rvm/rubies/ruby-2.2.2/lib -Wl,-R/usr/local/rvm/rubies/ruby-2.2.2/lib -L. -fstack-protector -rdynamic -Wl,-export-dynamic     -Wl,-R/usr/local/rvm/rubies/ruby-2.2.2/lib -L/usr/local/rvm/rubies/ruby-2.2.2/lib -lruby  -lpthread -lrt -ldl -lcrypt -lm   -lc"
checked program was:
/* begin */
1: #include "ruby.h"
2: 
3: int main(int argc, char **argv)
4: {
5:   return 0;
6: }
/* end */

"gcc -E -I/usr/local/rvm/rubies/ruby-2.2.2/include/ruby-2.2.0/x86_64-linux -I/usr/local/rvm/rubies/ruby-2.2.2/include/ruby-2.2.0/ruby/backward -I/usr/local/rvm/rubies/ruby-2.2.2/include/ruby-2.2.0 -I. -I/usr/include     -O3 -fno-fast-math -ggdb3 -Wall -Wextra -Wno-unused-parameter -Wno-parentheses -Wno-long-long -Wno-missing-field-initializers -Wunused-variable -Wpointer-arith -Wwrite-strings -Wdeclaration-after-statement -Wimplicit-function-declaration -Wdeprecated-declarations -Wno-packed-bitfield-compat  -fPIC  conftest.c -o conftest.i"
checked program was:
/* begin */
1: #include "ruby.h"
2: 
3: #include <libpq-fe.h>
/* end */

--------------------

find_header: checking for libpq/libpq-fs.h... -------------------- yes

"gcc -E -I/usr/local/rvm/rubies/ruby-2.2.2/include/ruby-2.2.0/x86_64-linux -I/usr/local/rvm/rubies/ruby-2.2.2/include/ruby-2.2.0/ruby/backward -I/usr/local/rvm/rubies/ruby-2.2.2/include/ruby-2.2.0 -I. -I/usr/include     -O3 -fno-fast-math -ggdb3 -Wall -Wextra -Wno-unused-parameter -Wno-parentheses -Wno-long-long -Wno-missing-field-initializers -Wunused-variable -Wpointer-arith -Wwrite-strings -Wdeclaration-after-statement -Wimplicit-function-declaration -Wdeprecated-declarations -Wno-packed-bitfield-compat  -fPIC  conftest.c -o conftest.i"
checked program was:
/* begin */
1: #include "ruby.h"
2: 
3: #include <libpq/libpq-fs.h>
/* end */

--------------------

find_header: checking for pg_config_manual.h... -------------------- yes

"gcc -E -I/usr/local/rvm/rubies/ruby-2.2.2/include/ruby-2.2.0/x86_64-linux -I/usr/local/rvm/rubies/ruby-2.2.2/include/ruby-2.2.0/ruby/backward -I/usr/local/rvm/rubies/ruby-2.2.2/include/ruby-2.2.0 -I. -I/usr/include     -O3 -fno-fast-math -ggdb3 -Wall -Wextra -Wno-unused-parameter -Wno-parentheses -Wno-long-long -Wno-missing-field-initializers -Wunused-variable -Wpointer-arith -Wwrite-strings -Wdeclaration-after-statement -Wimplicit-function-declaration -Wdeprecated-declarations -Wno-packed-bitfield-compat  -fPIC  conftest.c -o conftest.i"
checked program was:
/* begin */
1: #include "ruby.h"
2: 
3: #include <pg_config_manual.h>
/* end */

--------------------

have_library: checking for PQconnectdb() in -lpq... -------------------- yes

"gcc -o conftest -I/usr/local/rvm/rubies/ruby-2.2.2/include/ruby-2.2.0/x86_64-linux -I/usr/local/rvm/rubies/ruby-2.2.2/include/ruby-2.2.0/ruby/backward -I/usr/local/rvm/rubies/ruby-2.2.2/include/ruby-2.2.0 -I. -I/usr/include     -O3 -fno-fast-math -ggdb3 -Wall -Wextra -Wno-unused-parameter -Wno-parentheses -Wno-long-long -Wno-missing-field-initializers -Wunused-variable -Wpointer-arith -Wwrite-strings -Wdeclaration-after-statement -Wimplicit-function-declaration -Wdeprecated-declarations -Wno-packed-bitfield-compat  -fPIC conftest.c  -L/usr/lib64 -Wl,-R/usr/lib64 -L. -L/usr/local/rvm/rubies/ruby-2.2.2/lib -Wl,-R/usr/local/rvm/rubies/ruby-2.2.2/lib -L. -fstack-protector -rdynamic -Wl,-export-dynamic     -Wl,-R/usr/local/rvm/rubies/ruby-2.2.2/lib -L/usr/local/rvm/rubies/ruby-2.2.2/lib -lruby -lpq  -lpthread -lrt -ldl -lcrypt -lm   -lc"
checked program was:
/* begin */
 1: #include "ruby.h"
 2: 
 3: #include <libpq-fe.h>
 4: 
 5: /*top*/
 6: extern int t(void);
 7: int main(int argc, char **argv)
 8: {
 9:   if (argc > 1000000) {
10:     printf("%p", &t);
11:   }
12: 
13:   return 0;
14: }
15: int t(void) { void ((*volatile p)()); p = (void ((*)()))PQconnectdb; return 0; }
/* end */

--------------------

have_func: checking for PQconnectionUsedPassword()... -------------------- yes

"gcc -o conftest -I/usr/local/rvm/rubies/ruby-2.2.2/include/ruby-2.2.0/x86_64-linux -I/usr/local/rvm/rubies/ruby-2.2.2/include/ruby-2.2.0/ruby/backward -I/usr/local/rvm/rubies/ruby-2.2.2/include/ruby-2.2.0 -I. -I/usr/include     -O3 -fno-fast-math -ggdb3 -Wall -Wextra -Wno-unused-parameter -Wno-parentheses -Wno-long-long -Wno-missing-field-initializers -Wunused-variable -Wpointer-arith -Wwrite-strings -Wdeclaration-after-statement -Wimplicit-function-declaration -Wdeprecated-declarations -Wno-packed-bitfield-compat  -fPIC conftest.c  -L/usr/lib64 -Wl,-R/usr/lib64 -L. -L/usr/local/rvm/rubies/ruby-2.2.2/lib -Wl,-R/usr/local/rvm/rubies/ruby-2.2.2/lib -L. -fstack-protector -rdynamic -Wl,-export-dynamic    -lpq  -Wl,-R/usr/local/rvm/rubies/ruby-2.2.2/lib -L/usr/local/rvm/rubies/ruby-2.2.2/lib -lruby -lpq  -lpthread -lrt -ldl -lcrypt -lm   -lc"
conftest.c: In function ‘t’:
conftest.c:13: error: ‘PQconnectionUsedPassword’ undeclared (first use in this function)
conftest.c:13: error: (Each undeclared identifier is reported only once
conftest.c:13: error: for each function it appears in.)
checked program was:
/* begin */
 1: #include "ruby.h"
 2: 
 3: /*top*/
 4: extern int t(void);
 5: int main(int argc, char **argv)
 6: {
 7:   if (argc > 1000000) {
 8:     printf("%p", &t);
 9:   }
10: 
11:   return 0;
12: }
13: int t(void) { void ((*volatile p)()); p = (void ((*)()))PQconnectionUsedPassword; return 0; }
/* end */

"gcc -o conftest -I/usr/local/rvm/rubies/ruby-2.2.2/include/ruby-2.2.0/x86_64-linux -I/usr/local/rvm/rubies/ruby-2.2.2/include/ruby-2.2.0/ruby/backward -I/usr/local/rvm/rubies/ruby-2.2.2/include/ruby-2.2.0 -I. -I/usr/include     -O3 -fno-fast-math -ggdb3 -Wall -Wextra -Wno-unused-parameter -Wno-parentheses -Wno-long-long -Wno-missing-field-initializers -Wunused-variable -Wpointer-arith -Wwrite-strings -Wdeclaration-after-statement -Wimplicit-function-declaration -Wdeprecated-declarations -Wno-packed-bitfield-compat  -fPIC conftest.c  -L/usr/lib64 -Wl,-R/usr/lib64 -L. -L/usr/local/rvm/rubies/ruby-2.2.2/lib -Wl,-R/usr/local/rvm/rubies/ruby-2.2.2/lib -L. -fstack-protector -rdynamic -Wl,-export-dynamic    -lpq  -Wl,-R/usr/local/rvm/rubies/ruby-2.2.2/lib -L/usr/local/rvm/rubies/ruby-2.2.2/lib -lruby -lpq  -lpthread -lrt -ldl -lcrypt -lm   -lc"
conftest.c: In function ‘t’:
conftest.c:13: warning: implicit declaration of function ‘PQconnectionUsedPassword’
checked program was:
/* begin */
 1: #include "ruby.h"
 2: 
 3: /*top*/
 4: extern int t(void);
 5: int main(int argc, char **argv)
 6: {
 7:   if (argc > 1000000) {
 8:     printf("%p", &t);
 9:   }
10: 
11:   return 0;
12: }
13: int t(void) { PQconnectionUsedPassword(); return 0; }
/* end */

--------------------

have_func: checking for PQisthreadsafe()... -------------------- yes

"gcc -o conftest -I/usr/local/rvm/rubies/ruby-2.2.2/include/ruby-2.2.0/x86_64-linux -I/usr/local/rvm/rubies/ruby-2.2.2/include/ruby-2.2.0/ruby/backward -I/usr/local/rvm/rubies/ruby-2.2.2/include/ruby-2.2.0 -I. -I/usr/include     -O3 -fno-fast-math -ggdb3 -Wall -Wextra -Wno-unused-parameter -Wno-parentheses -Wno-long-long -Wno-missing-field-initializers -Wunused-variable -Wpointer-arith -Wwrite-strings -Wdeclaration-after-statement -Wimplicit-function-declaration -Wdeprecated-declarations -Wno-packed-bitfield-compat  -fPIC conftest.c  -L/usr/lib64 -Wl,-R/usr/lib64 -L. -L/usr/local/rvm/rubies/ruby-2.2.2/lib -Wl,-R/usr/local/rvm/rubies/ruby-2.2.2/lib -L. -fstack-protector -rdynamic -Wl,-export-dynamic    -lpq  -Wl,-R/usr/local/rvm/rubies/ruby-2.2.2/lib -L/usr/local/rvm/rubies/ruby-2.2.2/lib -lruby -lpq  -lpthread -lrt -ldl -lcrypt -lm   -lc"
conftest.c: In function ‘t’:
conftest.c:13: error: ‘PQisthreadsafe’ undeclared (first use in this function)
conftest.c:13: error: (Each undeclared identifier is reported only once
conftest.c:13: error: for each function it appears in.)
checked program was:
/* begin */
 1: #include "ruby.h"
 2: 
 3: /*top*/
 4: extern int t(void);
 5: int main(int argc, char **argv)
 6: {
 7:   if (argc > 1000000) {
 8:     printf("%p", &t);
 9:   }
10: 
11:   return 0;
12: }
13: int t(void) { void ((*volatile p)()); p = (void ((*)()))PQisthreadsafe; return 0; }
/* end */

"gcc -o conftest -I/usr/local/rvm/rubies/ruby-2.2.2/include/ruby-2.2.0/x86_64-linux -I/usr/local/rvm/rubies/ruby-2.2.2/include/ruby-2.2.0/ruby/backward -I/usr/local/rvm/rubies/ruby-2.2.2/include/ruby-2.2.0 -I. -I/usr/include     -O3 -fno-fast-math -ggdb3 -Wall -Wextra -Wno-unused-parameter -Wno-parentheses -Wno-long-long -Wno-missing-field-initializers -Wunused-variable -Wpointer-arith -Wwrite-strings -Wdeclaration-after-statement -Wimplicit-function-declaration -Wdeprecated-declarations -Wno-packed-bitfield-compat  -fPIC conftest.c  -L/usr/lib64 -Wl,-R/usr/lib64 -L. -L/usr/local/rvm/rubies/ruby-2.2.2/lib -Wl,-R/usr/local/rvm/rubies/ruby-2.2.2/lib -L. -fstack-protector -rdynamic -Wl,-export-dynamic    -lpq  -Wl,-R/usr/local/rvm/rubies/ruby-2.2.2/lib -L/usr/local/rvm/rubies/ruby-2.2.2/lib -lruby -lpq  -lpthread -lrt -ldl -lcrypt -lm   -lc"
conftest.c: In function ‘t’:
conftest.c:13: warning: implicit declaration of function ‘PQisthreadsafe’
checked program was:
/* begin */
 1: #include "ruby.h"
 2: 
 3: /*top*/
 4: extern int t(void);
 5: int main(int argc, char **argv)
 6: {
 7:   if (argc > 1000000) {
 8:     printf("%p", &t);
 9:   }
10: 
11:   return 0;
12: }
13: int t(void) { PQisthreadsafe(); return 0; }
/* end */

--------------------

have_func: checking for PQprepare()... -------------------- yes

"gcc -o conftest -I/usr/local/rvm/rubies/ruby-2.2.2/include/ruby-2.2.0/x86_64-linux -I/usr/local/rvm/rubies/ruby-2.2.2/include/ruby-2.2.0/ruby/backward -I/usr/local/rvm/rubies/ruby-2.2.2/include/ruby-2.2.0 -I. -I/usr/include     -O3 -fno-fast-math -ggdb3 -Wall -Wextra -Wno-unused-parameter -Wno-parentheses -Wno-long-long -Wno-missing-field-initializers -Wunused-variable -Wpointer-arith -Wwrite-strings -Wdeclaration-after-statement -Wimplicit-function-declaration -Wdeprecated-declarations -Wno-packed-bitfield-compat  -fPIC conftest.c  -L/usr/lib64 -Wl,-R/usr/lib64 -L. -L/usr/local/rvm/rubies/ruby-2.2.2/lib -Wl,-R/usr/local/rvm/rubies/ruby-2.2.2/lib -L. -fstack-protector -rdynamic -Wl,-export-dynamic    -lpq  -Wl,-R/usr/local/rvm/rubies/ruby-2.2.2/lib -L/usr/local/rvm/rubies/ruby-2.2.2/lib -lruby -lpq  -lpthread -lrt -ldl -lcrypt -lm   -lc"
conftest.c: In function ‘t’:
conftest.c:13: error: ‘PQprepare’ undeclared (first use in this function)
conftest.c:13: error: (Each undeclared identifier is reported only once
conftest.c:13: error: for each function it appears in.)
checked program was:
/* begin */
 1: #include "ruby.h"
 2: 
 3: /*top*/
 4: extern int t(void);
 5: int main(int argc, char **argv)
 6: {
 7:   if (argc > 1000000) {
 8:     printf("%p", &t);
 9:   }
10: 
11:   return 0;
12: }
13: int t(void) { void ((*volatile p)()); p = (void ((*)()))PQprepare; return 0; }
/* end */

"gcc -o conftest -I/usr/local/rvm/rubies/ruby-2.2.2/include/ruby-2.2.0/x86_64-linux -I/usr/local/rvm/rubies/ruby-2.2.2/include/ruby-2.2.0/ruby/backward -I/usr/local/rvm/rubies/ruby-2.2.2/include/ruby-2.2.0 -I. -I/usr/include     -O3 -fno-fast-math -ggdb3 -Wall -Wextra -Wno-unused-parameter -Wno-parentheses -Wno-long-long -Wno-missing-field-initializers -Wunused-variable -Wpointer-arith -Wwrite-strings -Wdeclaration-after-statement -Wimplicit-function-declaration -Wdeprecated-declarations -Wno-packed-bitfield-compat  -fPIC conftest.c  -L/usr/lib64 -Wl,-R/usr/lib64 -L. -L/usr/local/rvm/rubies/ruby-2.2.2/lib -Wl,-R/usr/local/rvm/rubies/ruby-2.2.2/lib -L. -fstack-protector -rdynamic -Wl,-export-dynamic    -lpq  -Wl,-R/usr/local/rvm/rubies/ruby-2.2.2/lib -L/usr/local/rvm/rubies/ruby-2.2.2/lib -lruby -lpq  -lpthread -lrt -ldl -lcrypt -lm   -lc"
conftest.c: In function ‘t’:
conftest.c:13: warning: implicit declaration of function ‘PQprepare’
checked program was:
/* begin */
 1: #include "ruby.h"
 2: 
 3: /*top*/
 4: extern int t(void);
 5: int main(int argc, char **argv)
 6: {
 7:   if (argc > 1000000) {
 8:     printf("%p", &t);
 9:   }
10: 
11:   return 0;
12: }
13: int t(void) { PQprepare(); return 0; }
/* end */

--------------------

have_func: checking for PQexecParams()... -------------------- yes

"gcc -o conftest -I/usr/local/rvm/rubies/ruby-2.2.2/include/ruby-2.2.0/x86_64-linux -I/usr/local/rvm/rubies/ruby-2.2.2/include/ruby-2.2.0/ruby/backward -I/usr/local/rvm/rubies/ruby-2.2.2/include/ruby-2.2.0 -I. -I/usr/include     -O3 -fno-fast-math -ggdb3 -Wall -Wextra -Wno-unused-parameter -Wno-parentheses -Wno-long-long -Wno-missing-field-initializers -Wunused-variable -Wpointer-arith -Wwrite-strings -Wdeclaration-after-statement -Wimplicit-function-declaration -Wdeprecated-declarations -Wno-packed-bitfield-compat  -fPIC conftest.c  -L/usr/lib64 -Wl,-R/usr/lib64 -L. -L/usr/local/rvm/rubies/ruby-2.2.2/lib -Wl,-R/usr/local/rvm/rubies/ruby-2.2.2/lib -L. -fstack-protector -rdynamic -Wl,-export-dynamic    -lpq  -Wl,-R/usr/local/rvm/rubies/ruby-2.2.2/lib -L/usr/local/rvm/rubies/ruby-2.2.2/lib -lruby -lpq  -lpthread -lrt -ldl -lcrypt -lm   -lc"
conftest.c: In function ‘t’:
conftest.c:13: error: ‘PQexecParams’ undeclared (first use in this function)
conftest.c:13: error: (Each undeclared identifier is reported only once
conftest.c:13: error: for each function it appears in.)
checked program was:
/* begin */
 1: #include "ruby.h"
 2: 
 3: /*top*/
 4: extern int t(void);
 5: int main(int argc, char **argv)
 6: {
 7:   if (argc > 1000000) {
 8:     printf("%p", &t);
 9:   }
10: 
11:   return 0;
12: }
13: int t(void) { void ((*volatile p)()); p = (void ((*)()))PQexecParams; return 0; }
/* end */

"gcc -o conftest -I/usr/local/rvm/rubies/ruby-2.2.2/include/ruby-2.2.0/x86_64-linux -I/usr/local/rvm/rubies/ruby-2.2.2/include/ruby-2.2.0/ruby/backward -I/usr/local/rvm/rubies/ruby-2.2.2/include/ruby-2.2.0 -I. -I/usr/include     -O3 -fno-fast-math -ggdb3 -Wall -Wextra -Wno-unused-parameter -Wno-parentheses -Wno-long-long -Wno-missing-field-initializers -Wunused-variable -Wpointer-arith -Wwrite-strings -Wdeclaration-after-statement -Wimplicit-function-declaration -Wdeprecated-declarations -Wno-packed-bitfield-compat  -fPIC conftest.c  -L/usr/lib64 -Wl,-R/usr/lib64 -L. -L/usr/local/rvm/rubies/ruby-2.2.2/lib -Wl,-R/usr/local/rvm/rubies/ruby-2.2.2/lib -L. -fstack-protector -rdynamic -Wl,-export-dynamic    -lpq  -Wl,-R/usr/local/rvm/rubies/ruby-2.2.2/lib -L/usr/local/rvm/rubies/ruby-2.2.2/lib -lruby -lpq  -lpthread -lrt -ldl -lcrypt -lm   -lc"
conftest.c: In function ‘t’:
conftest.c:13: warning: implicit declaration of function ‘PQexecParams’
checked program was:
/* begin */
 1: #include "ruby.h"
 2: 
 3: /*top*/
 4: extern int t(void);
 5: int main(int argc, char **argv)
 6: {
 7:   if (argc > 1000000) {
 8:     printf("%p", &t);
 9:   }
10: 
11:   return 0;
12: }
13: int t(void) { PQexecParams(); return 0; }
/* end */

--------------------

have_func: checking for PQescapeString()... -------------------- yes

"gcc -o conftest -I/usr/local/rvm/rubies/ruby-2.2.2/include/ruby-2.2.0/x86_64-linux -I/usr/local/rvm/rubies/ruby-2.2.2/include/ruby-2.2.0/ruby/backward -I/usr/local/rvm/rubies/ruby-2.2.2/include/ruby-2.2.0 -I. -I/usr/include     -O3 -fno-fast-math -ggdb3 -Wall -Wextra -Wno-unused-parameter -Wno-parentheses -Wno-long-long -Wno-missing-field-initializers -Wunused-variable -Wpointer-arith -Wwrite-strings -Wdeclaration-after-statement -Wimplicit-function-declaration -Wdeprecated-declarations -Wno-packed-bitfield-compat  -fPIC conftest.c  -L/usr/lib64 -Wl,-R/usr/lib64 -L. -L/usr/local/rvm/rubies/ruby-2.2.2/lib -Wl,-R/usr/local/rvm/rubies/ruby-2.2.2/lib -L. -fstack-protector -rdynamic -Wl,-export-dynamic    -lpq  -Wl,-R/usr/local/rvm/rubies/ruby-2.2.2/lib -L/usr/local/rvm/rubies/ruby-2.2.2/lib -lruby -lpq  -lpthread -lrt -ldl -lcrypt -lm   -lc"
conftest.c: In function ‘t’:
conftest.c:13: error: ‘PQescapeString’ undeclared (first use in this function)
conftest.c:13: error: (Each undeclared identifier is reported only once
conftest.c:13: error: for each function it appears in.)
checked program was:
/* begin */
 1: #include "ruby.h"
 2: 
 3: /*top*/
 4: extern int t(void);
 5: int main(int argc, char **argv)
 6: {
 7:   if (argc > 1000000) {
 8:     printf("%p", &t);
 9:   }
10: 
11:   return 0;
12: }
13: int t(void) { void ((*volatile p)()); p = (void ((*)()))PQescapeString; return 0; }
/* end */

"gcc -o conftest -I/usr/local/rvm/rubies/ruby-2.2.2/include/ruby-2.2.0/x86_64-linux -I/usr/local/rvm/rubies/ruby-2.2.2/include/ruby-2.2.0/ruby/backward -I/usr/local/rvm/rubies/ruby-2.2.2/include/ruby-2.2.0 -I. -I/usr/include     -O3 -fno-fast-math -ggdb3 -Wall -Wextra -Wno-unused-parameter -Wno-parentheses -Wno-long-long -Wno-missing-field-initializers -Wunused-variable -Wpointer-arith -Wwrite-strings -Wdeclaration-after-statement -Wimplicit-function-declaration -Wdeprecated-declarations -Wno-packed-bitfield-compat  -fPIC conftest.c  -L/usr/lib64 -Wl,-R/usr/lib64 -L. -L/usr/local/rvm/rubies/ruby-2.2.2/lib -Wl,-R/usr/local/rvm/rubies/ruby-2.2.2/lib -L. -fstack-protector -rdynamic -Wl,-export-dynamic    -lpq  -Wl,-R/usr/local/rvm/rubies/ruby-2.2.2/lib -L/usr/local/rvm/rubies/ruby-2.2.2/lib -lruby -lpq  -lpthread -lrt -ldl -lcrypt -lm   -lc"
conftest.c: In function ‘t’:
conftest.c:13: warning: implicit declaration of function ‘PQescapeString’
checked program was:
/* begin */
 1: #include "ruby.h"
 2: 
 3: /*top*/
 4: extern int t(void);
 5: int main(int argc, char **argv)
 6: {
 7:   if (argc > 1000000) {
 8:     printf("%p", &t);
 9:   }
10: 
11:   return 0;
12: }
13: int t(void) { PQescapeString(); return 0; }
/* end */

--------------------

have_func: checking for PQescapeStringConn()... -------------------- yes

"gcc -o conftest -I/usr/local/rvm/rubies/ruby-2.2.2/include/ruby-2.2.0/x86_64-linux -I/usr/local/rvm/rubies/ruby-2.2.2/include/ruby-2.2.0/ruby/backward -I/usr/local/rvm/rubies/ruby-2.2.2/include/ruby-2.2.0 -I. -I/usr/include     -O3 -fno-fast-math -ggdb3 -Wall -Wextra -Wno-unused-parameter -Wno-parentheses -Wno-long-long -Wno-missing-field-initializers -Wunused-variable -Wpointer-arith -Wwrite-strings -Wdeclaration-after-statement -Wimplicit-function-declaration -Wdeprecated-declarations -Wno-packed-bitfield-compat  -fPIC conftest.c  -L/usr/lib64 -Wl,-R/usr/lib64 -L. -L/usr/local/rvm/rubies/ruby-2.2.2/lib -Wl,-R/usr/local/rvm/rubies/ruby-2.2.2/lib -L. -fstack-protector -rdynamic -Wl,-export-dynamic    -lpq  -Wl,-R/usr/local/rvm/rubies/ruby-2.2.2/lib -L/usr/local/rvm/rubies/ruby-2.2.2/lib -lruby -lpq  -lpthread -lrt -ldl -lcrypt -lm   -lc"
conftest.c: In function ‘t’:
conftest.c:13: error: ‘PQescapeStringConn’ undeclared (first use in this function)
conftest.c:13: error: (Each undeclared identifier is reported only once
conftest.c:13: error: for each function it appears in.)
checked program was:
/* begin */
 1: #include "ruby.h"
 2: 
 3: /*top*/
 4: extern int t(void);
 5: int main(int argc, char **argv)
 6: {
 7:   if (argc > 1000000) {
 8:     printf("%p", &t);
 9:   }
10: 
11:   return 0;
12: }
13: int t(void) { void ((*volatile p)()); p = (void ((*)()))PQescapeStringConn; return 0; }
/* end */

"gcc -o conftest -I/usr/local/rvm/rubies/ruby-2.2.2/include/ruby-2.2.0/x86_64-linux -I/usr/local/rvm/rubies/ruby-2.2.2/include/ruby-2.2.0/ruby/backward -I/usr/local/rvm/rubies/ruby-2.2.2/include/ruby-2.2.0 -I. -I/usr/include     -O3 -fno-fast-math -ggdb3 -Wall -Wextra -Wno-unused-parameter -Wno-parentheses -Wno-long-long -Wno-missing-field-initializers -Wunused-variable -Wpointer-arith -Wwrite-strings -Wdeclaration-after-statement -Wimplicit-function-declaration -Wdeprecated-declarations -Wno-packed-bitfield-compat  -fPIC conftest.c  -L/usr/lib64 -Wl,-R/usr/lib64 -L. -L/usr/local/rvm/rubies/ruby-2.2.2/lib -Wl,-R/usr/local/rvm/rubies/ruby-2.2.2/lib -L. -fstack-protector -rdynamic -Wl,-export-dynamic    -lpq  -Wl,-R/usr/local/rvm/rubies/ruby-2.2.2/lib -L/usr/local/rvm/rubies/ruby-2.2.2/lib -lruby -lpq  -lpthread -lrt -ldl -lcrypt -lm   -lc"
conftest.c: In function ‘t’:
conftest.c:13: warning: implicit declaration of function ‘PQescapeStringConn’
checked program was:
/* begin */
 1: #include "ruby.h"
 2: 
 3: /*top*/
 4: extern int t(void);
 5: int main(int argc, char **argv)
 6: {
 7:   if (argc > 1000000) {
 8:     printf("%p", &t);
 9:   }
10: 
11:   return 0;
12: }
13: int t(void) { PQescapeStringConn(); return 0; }
/* end */

--------------------

have_func: checking for PQescapeLiteral()... -------------------- no

"gcc -o conftest -I/usr/local/rvm/rubies/ruby-2.2.2/include/ruby-2.2.0/x86_64-linux -I/usr/local/rvm/rubies/ruby-2.2.2/include/ruby-2.2.0/ruby/backward -I/usr/local/rvm/rubies/ruby-2.2.2/include/ruby-2.2.0 -I. -I/usr/include     -O3 -fno-fast-math -ggdb3 -Wall -Wextra -Wno-unused-parameter -Wno-parentheses -Wno-long-long -Wno-missing-field-initializers -Wunused-variable -Wpointer-arith -Wwrite-strings -Wdeclaration-after-statement -Wimplicit-function-declaration -Wdeprecated-declarations -Wno-packed-bitfield-compat  -fPIC conftest.c  -L/usr/lib64 -Wl,-R/usr/lib64 -L. -L/usr/local/rvm/rubies/ruby-2.2.2/lib -Wl,-R/usr/local/rvm/rubies/ruby-2.2.2/lib -L. -fstack-protector -rdynamic -Wl,-export-dynamic    -lpq  -Wl,-R/usr/local/rvm/rubies/ruby-2.2.2/lib -L/usr/local/rvm/rubies/ruby-2.2.2/lib -lruby -lpq  -lpthread -lrt -ldl -lcrypt -lm   -lc"
conftest.c: In function ‘t’:
conftest.c:13: error: ‘PQescapeLiteral’ undeclared (first use in this function)
conftest.c:13: error: (Each undeclared identifier is reported only once
conftest.c:13: error: for each function it appears in.)
checked program was:
/* begin */
 1: #include "ruby.h"
 2: 
 3: /*top*/
 4: extern int t(void);
 5: int main(int argc, char **argv)
 6: {
 7:   if (argc > 1000000) {
 8:     printf("%p", &t);
 9:   }
10: 
11:   return 0;
12: }
13: int t(void) { void ((*volatile p)()); p = (void ((*)()))PQescapeLiteral; return 0; }
/* end */

"gcc -o conftest -I/usr/local/rvm/rubies/ruby-2.2.2/include/ruby-2.2.0/x86_64-linux -I/usr/local/rvm/rubies/ruby-2.2.2/include/ruby-2.2.0/ruby/backward -I/usr/local/rvm/rubies/ruby-2.2.2/include/ruby-2.2.0 -I. -I/usr/include     -O3 -fno-fast-math -ggdb3 -Wall -Wextra -Wno-unused-parameter -Wno-parentheses -Wno-long-long -Wno-missing-field-initializers -Wunused-variable -Wpointer-arith -Wwrite-strings -Wdeclaration-after-statement -Wimplicit-function-declaration -Wdeprecated-declarations -Wno-packed-bitfield-compat  -fPIC conftest.c  -L/usr/lib64 -Wl,-R/usr/lib64 -L. -L/usr/local/rvm/rubies/ruby-2.2.2/lib -Wl,-R/usr/local/rvm/rubies/ruby-2.2.2/lib -L. -fstack-protector -rdynamic -Wl,-export-dynamic    -lpq  -Wl,-R/usr/local/rvm/rubies/ruby-2.2.2/lib -L/usr/local/rvm/rubies/ruby-2.2.2/lib -lruby -lpq  -lpthread -lrt -ldl -lcrypt -lm   -lc"
conftest.c: In function ‘t’:
conftest.c:13: warning: implicit declaration of function ‘PQescapeLiteral’
/tmp/cck01d7I.o: In function `t':
/home/philippb/railsapps/addman.20161103/vendor/bundle/gems/pg-0.19.0/ext/conftest.c:13: undefined reference to `PQescapeLiteral'
collect2: ld returned 1 exit status
checked program was:
/* begin */
 1: #include "ruby.h"
 2: 
 3: /*top*/
 4: extern int t(void);
 5: int main(int argc, char **argv)
 6: {
 7:   if (argc > 1000000) {
 8:     printf("%p", &t);
 9:   }
10: 
11:   return 0;
12: }
13: int t(void) { PQescapeLiteral(); return 0; }
/* end */

--------------------

have_func: checking for PQescapeIdentifier()... -------------------- no

"gcc -o conftest -I/usr/local/rvm/rubies/ruby-2.2.2/include/ruby-2.2.0/x86_64-linux -I/usr/local/rvm/rubies/ruby-2.2.2/include/ruby-2.2.0/ruby/backward -I/usr/local/rvm/rubies/ruby-2.2.2/include/ruby-2.2.0 -I. -I/usr/include     -O3 -fno-fast-math -ggdb3 -Wall -Wextra -Wno-unused-parameter -Wno-parentheses -Wno-long-long -Wno-missing-field-initializers -Wunused-variable -Wpointer-arith -Wwrite-strings -Wdeclaration-after-statement -Wimplicit-function-declaration -Wdeprecated-declarations -Wno-packed-bitfield-compat  -fPIC conftest.c  -L/usr/lib64 -Wl,-R/usr/lib64 -L. -L/usr/local/rvm/rubies/ruby-2.2.2/lib -Wl,-R/usr/local/rvm/rubies/ruby-2.2.2/lib -L. -fstack-protector -rdynamic -Wl,-export-dynamic    -lpq  -Wl,-R/usr/local/rvm/rubies/ruby-2.2.2/lib -L/usr/local/rvm/rubies/ruby-2.2.2/lib -lruby -lpq  -lpthread -lrt -ldl -lcrypt -lm   -lc"
conftest.c: In function ‘t’:
conftest.c:13: error: ‘PQescapeIdentifier’ undeclared (first use in this function)
conftest.c:13: error: (Each undeclared identifier is reported only once
conftest.c:13: error: for each function it appears in.)
checked program was:
/* begin */
 1: #include "ruby.h"
 2: 
 3: /*top*/
 4: extern int t(void);
 5: int main(int argc, char **argv)
 6: {
 7:   if (argc > 1000000) {
 8:     printf("%p", &t);
 9:   }
10: 
11:   return 0;
12: }
13: int t(void) { void ((*volatile p)()); p = (void ((*)()))PQescapeIdentifier; return 0; }
/* end */

"gcc -o conftest -I/usr/local/rvm/rubies/ruby-2.2.2/include/ruby-2.2.0/x86_64-linux -I/usr/local/rvm/rubies/ruby-2.2.2/include/ruby-2.2.0/ruby/backward -I/usr/local/rvm/rubies/ruby-2.2.2/include/ruby-2.2.0 -I. -I/usr/include     -O3 -fno-fast-math -ggdb3 -Wall -Wextra -Wno-unused-parameter -Wno-parentheses -Wno-long-long -Wno-missing-field-initializers -Wunused-variable -Wpointer-arith -Wwrite-strings -Wdeclaration-after-statement -Wimplicit-function-declaration -Wdeprecated-declarations -Wno-packed-bitfield-compat  -fPIC conftest.c  -L/usr/lib64 -Wl,-R/usr/lib64 -L. -L/usr/local/rvm/rubies/ruby-2.2.2/lib -Wl,-R/usr/local/rvm/rubies/ruby-2.2.2/lib -L. -fstack-protector -rdynamic -Wl,-export-dynamic    -lpq  -Wl,-R/usr/local/rvm/rubies/ruby-2.2.2/lib -L/usr/local/rvm/rubies/ruby-2.2.2/lib -lruby -lpq  -lpthread -lrt -ldl -lcrypt -lm   -lc"
conftest.c: In function ‘t’:
conftest.c:13: warning: implicit declaration of function ‘PQescapeIdentifier’
/tmp/cc71G9J2.o: In function `t':
/home/philippb/railsapps/addman.20161103/vendor/bundle/gems/pg-0.19.0/ext/conftest.c:13: undefined reference to `PQescapeIdentifier'
collect2: ld returned 1 exit status
checked program was:
/* begin */
 1: #include "ruby.h"
 2: 
 3: /*top*/
 4: extern int t(void);
 5: int main(int argc, char **argv)
 6: {
 7:   if (argc > 1000000) {
 8:     printf("%p", &t);
 9:   }
10: 
11:   return 0;
12: }
13: int t(void) { PQescapeIdentifier(); return 0; }
/* end */

--------------------

have_func: checking for PQgetCancel()... -------------------- yes

"gcc -o conftest -I/usr/local/rvm/rubies/ruby-2.2.2/include/ruby-2.2.0/x86_64-linux -I/usr/local/rvm/rubies/ruby-2.2.2/include/ruby-2.2.0/ruby/backward -I/usr/local/rvm/rubies/ruby-2.2.2/include/ruby-2.2.0 -I. -I/usr/include     -O3 -fno-fast-math -ggdb3 -Wall -Wextra -Wno-unused-parameter -Wno-parentheses -Wno-long-long -Wno-missing-field-initializers -Wunused-variable -Wpointer-arith -Wwrite-strings -Wdeclaration-after-statement -Wimplicit-function-declaration -Wdeprecated-declarations -Wno-packed-bitfield-compat  -fPIC conftest.c  -L/usr/lib64 -Wl,-R/usr/lib64 -L. -L/usr/local/rvm/rubies/ruby-2.2.2/lib -Wl,-R/usr/local/rvm/rubies/ruby-2.2.2/lib -L. -fstack-protector -rdynamic -Wl,-export-dynamic    -lpq  -Wl,-R/usr/local/rvm/rubies/ruby-2.2.2/lib -L/usr/local/rvm/rubies/ruby-2.2.2/lib -lruby -lpq  -lpthread -lrt -ldl -lcrypt -lm   -lc"
conftest.c: In function ‘t’:
conftest.c:13: error: ‘PQgetCancel’ undeclared (first use in this function)
conftest.c:13: error: (Each undeclared identifier is reported only once
conftest.c:13: error: for each function it appears in.)
checked program was:
/* begin */
 1: #include "ruby.h"
 2: 
 3: /*top*/
 4: extern int t(void);
 5: int main(int argc, char **argv)
 6: {
 7:   if (argc > 1000000) {
 8:     printf("%p", &t);
 9:   }
10: 
11:   return 0;
12: }
13: int t(void) { void ((*volatile p)()); p = (void ((*)()))PQgetCancel; return 0; }
/* end */

"gcc -o conftest -I/usr/local/rvm/rubies/ruby-2.2.2/include/ruby-2.2.0/x86_64-linux -I/usr/local/rvm/rubies/ruby-2.2.2/include/ruby-2.2.0/ruby/backward -I/usr/local/rvm/rubies/ruby-2.2.2/include/ruby-2.2.0 -I. -I/usr/include     -O3 -fno-fast-math -ggdb3 -Wall -Wextra -Wno-unused-parameter -Wno-parentheses -Wno-long-long -Wno-missing-field-initializers -Wunused-variable -Wpointer-arith -Wwrite-strings -Wdeclaration-after-statement -Wimplicit-function-declaration -Wdeprecated-declarations -Wno-packed-bitfield-compat  -fPIC conftest.c  -L/usr/lib64 -Wl,-R/usr/lib64 -L. -L/usr/local/rvm/rubies/ruby-2.2.2/lib -Wl,-R/usr/local/rvm/rubies/ruby-2.2.2/lib -L. -fstack-protector -rdynamic -Wl,-export-dynamic    -lpq  -Wl,-R/usr/local/rvm/rubies/ruby-2.2.2/lib -L/usr/local/rvm/rubies/ruby-2.2.2/lib -lruby -lpq  -lpthread -lrt -ldl -lcrypt -lm   -lc"
conftest.c: In function ‘t’:
conftest.c:13: warning: implicit declaration of function ‘PQgetCancel’
checked program was:
/* begin */
 1: #include "ruby.h"
 2: 
 3: /*top*/
 4: extern int t(void);
 5: int main(int argc, char **argv)
 6: {
 7:   if (argc > 1000000) {
 8:     printf("%p", &t);
 9:   }
10: 
11:   return 0;
12: }
13: int t(void) { PQgetCancel(); return 0; }
/* end */

--------------------

have_func: checking for lo_create()... -------------------- yes

"gcc -o conftest -I/usr/local/rvm/rubies/ruby-2.2.2/include/ruby-2.2.0/x86_64-linux -I/usr/local/rvm/rubies/ruby-2.2.2/include/ruby-2.2.0/ruby/backward -I/usr/local/rvm/rubies/ruby-2.2.2/include/ruby-2.2.0 -I. -I/usr/include     -O3 -fno-fast-math -ggdb3 -Wall -Wextra -Wno-unused-parameter -Wno-parentheses -Wno-long-long -Wno-missing-field-initializers -Wunused-variable -Wpointer-arith -Wwrite-strings -Wdeclaration-after-statement -Wimplicit-function-declaration -Wdeprecated-declarations -Wno-packed-bitfield-compat  -fPIC conftest.c  -L/usr/lib64 -Wl,-R/usr/lib64 -L. -L/usr/local/rvm/rubies/ruby-2.2.2/lib -Wl,-R/usr/local/rvm/rubies/ruby-2.2.2/lib -L. -fstack-protector -rdynamic -Wl,-export-dynamic    -lpq  -Wl,-R/usr/local/rvm/rubies/ruby-2.2.2/lib -L/usr/local/rvm/rubies/ruby-2.2.2/lib -lruby -lpq  -lpthread -lrt -ldl -lcrypt -lm   -lc"
conftest.c: In function ‘t’:
conftest.c:13: error: ‘lo_create’ undeclared (first use in this function)
conftest.c:13: error: (Each undeclared identifier is reported only once
conftest.c:13: error: for each function it appears in.)
checked program was:
/* begin */
 1: #include "ruby.h"
 2: 
 3: /*top*/
 4: extern int t(void);
 5: int main(int argc, char **argv)
 6: {
 7:   if (argc > 1000000) {
 8:     printf("%p", &t);
 9:   }
10: 
11:   return 0;
12: }
13: int t(void) { void ((*volatile p)()); p = (void ((*)()))lo_create; return 0; }
/* end */

"gcc -o conftest -I/usr/local/rvm/rubies/ruby-2.2.2/include/ruby-2.2.0/x86_64-linux -I/usr/local/rvm/rubies/ruby-2.2.2/include/ruby-2.2.0/ruby/backward -I/usr/local/rvm/rubies/ruby-2.2.2/include/ruby-2.2.0 -I. -I/usr/include     -O3 -fno-fast-math -ggdb3 -Wall -Wextra -Wno-unused-parameter -Wno-parentheses -Wno-long-long -Wno-missing-field-initializers -Wunused-variable -Wpointer-arith -Wwrite-strings -Wdeclaration-after-statement -Wimplicit-function-declaration -Wdeprecated-declarations -Wno-packed-bitfield-compat  -fPIC conftest.c  -L/usr/lib64 -Wl,-R/usr/lib64 -L. -L/usr/local/rvm/rubies/ruby-2.2.2/lib -Wl,-R/usr/local/rvm/rubies/ruby-2.2.2/lib -L. -fstack-protector -rdynamic -Wl,-export-dynamic    -lpq  -Wl,-R/usr/local/rvm/rubies/ruby-2.2.2/lib -L/usr/local/rvm/rubies/ruby-2.2.2/lib -lruby -lpq  -lpthread -lrt -ldl -lcrypt -lm   -lc"
conftest.c: In function ‘t’:
conftest.c:13: warning: implicit declaration of function ‘lo_create’
checked program was:
/* begin */
 1: #include "ruby.h"
 2: 
 3: /*top*/
 4: extern int t(void);
 5: int main(int argc, char **argv)
 6: {
 7:   if (argc > 1000000) {
 8:     printf("%p", &t);
 9:   }
10: 
11:   return 0;
12: }
13: int t(void) { lo_create(); return 0; }
/* end */

--------------------

have_func: checking for pg_encoding_to_char()... -------------------- yes

"gcc -o conftest -I/usr/local/rvm/rubies/ruby-2.2.2/include/ruby-2.2.0/x86_64-linux -I/usr/local/rvm/rubies/ruby-2.2.2/include/ruby-2.2.0/ruby/backward -I/usr/local/rvm/rubies/ruby-2.2.2/include/ruby-2.2.0 -I. -I/usr/include     -O3 -fno-fast-math -ggdb3 -Wall -Wextra -Wno-unused-parameter -Wno-parentheses -Wno-long-long -Wno-missing-field-initializers -Wunused-variable -Wpointer-arith -Wwrite-strings -Wdeclaration-after-statement -Wimplicit-function-declaration -Wdeprecated-declarations -Wno-packed-bitfield-compat  -fPIC conftest.c  -L/usr/lib64 -Wl,-R/usr/lib64 -L. -L/usr/local/rvm/rubies/ruby-2.2.2/lib -Wl,-R/usr/local/rvm/rubies/ruby-2.2.2/lib -L. -fstack-protector -rdynamic -Wl,-export-dynamic    -lpq  -Wl,-R/usr/local/rvm/rubies/ruby-2.2.2/lib -L/usr/local/rvm/rubies/ruby-2.2.2/lib -lruby -lpq  -lpthread -lrt -ldl -lcrypt -lm   -lc"
conftest.c: In function ‘t’:
conftest.c:13: error: ‘pg_encoding_to_char’ undeclared (first use in this function)
conftest.c:13: error: (Each undeclared identifier is reported only once
conftest.c:13: error: for each function it appears in.)
checked program was:
/* begin */
 1: #include "ruby.h"
 2: 
 3: /*top*/
 4: extern int t(void);
 5: int main(int argc, char **argv)
 6: {
 7:   if (argc > 1000000) {
 8:     printf("%p", &t);
 9:   }
10: 
11:   return 0;
12: }
13: int t(void) { void ((*volatile p)()); p = (void ((*)()))pg_encoding_to_char; return 0; }
/* end */

"gcc -o conftest -I/usr/local/rvm/rubies/ruby-2.2.2/include/ruby-2.2.0/x86_64-linux -I/usr/local/rvm/rubies/ruby-2.2.2/include/ruby-2.2.0/ruby/backward -I/usr/local/rvm/rubies/ruby-2.2.2/include/ruby-2.2.0 -I. -I/usr/include     -O3 -fno-fast-math -ggdb3 -Wall -Wextra -Wno-unused-parameter -Wno-parentheses -Wno-long-long -Wno-missing-field-initializers -Wunused-variable -Wpointer-arith -Wwrite-strings -Wdeclaration-after-statement -Wimplicit-function-declaration -Wdeprecated-declarations -Wno-packed-bitfield-compat  -fPIC conftest.c  -L/usr/lib64 -Wl,-R/usr/lib64 -L. -L/usr/local/rvm/rubies/ruby-2.2.2/lib -Wl,-R/usr/local/rvm/rubies/ruby-2.2.2/lib -L. -fstack-protector -rdynamic -Wl,-export-dynamic    -lpq  -Wl,-R/usr/local/rvm/rubies/ruby-2.2.2/lib -L/usr/local/rvm/rubies/ruby-2.2.2/lib -lruby -lpq  -lpthread -lrt -ldl -lcrypt -lm   -lc"
conftest.c: In function ‘t’:
conftest.c:13: warning: implicit declaration of function ‘pg_encoding_to_char’
checked program was:
/* begin */
 1: #include "ruby.h"
 2: 
 3: /*top*/
 4: extern int t(void);
 5: int main(int argc, char **argv)
 6: {
 7:   if (argc > 1000000) {
 8:     printf("%p", &t);
 9:   }
10: 
11:   return 0;
12: }
13: int t(void) { pg_encoding_to_char(); return 0; }
/* end */

--------------------

have_func: checking for pg_char_to_encoding()... -------------------- yes

"gcc -o conftest -I/usr/local/rvm/rubies/ruby-2.2.2/include/ruby-2.2.0/x86_64-linux -I/usr/local/rvm/rubies/ruby-2.2.2/include/ruby-2.2.0/ruby/backward -I/usr/local/rvm/rubies/ruby-2.2.2/include/ruby-2.2.0 -I. -I/usr/include     -O3 -fno-fast-math -ggdb3 -Wall -Wextra -Wno-unused-parameter -Wno-parentheses -Wno-long-long -Wno-missing-field-initializers -Wunused-variable -Wpointer-arith -Wwrite-strings -Wdeclaration-after-statement -Wimplicit-function-declaration -Wdeprecated-declarations -Wno-packed-bitfield-compat  -fPIC conftest.c  -L/usr/lib64 -Wl,-R/usr/lib64 -L. -L/usr/local/rvm/rubies/ruby-2.2.2/lib -Wl,-R/usr/local/rvm/rubies/ruby-2.2.2/lib -L. -fstack-protector -rdynamic -Wl,-export-dynamic    -lpq  -Wl,-R/usr/local/rvm/rubies/ruby-2.2.2/lib -L/usr/local/rvm/rubies/ruby-2.2.2/lib -lruby -lpq  -lpthread -lrt -ldl -lcrypt -lm   -lc"
conftest.c: In function ‘t’:
conftest.c:13: error: ‘pg_char_to_encoding’ undeclared (first use in this function)
conftest.c:13: error: (Each undeclared identifier is reported only once
conftest.c:13: error: for each function it appears in.)
checked program was:
/* begin */
 1: #include "ruby.h"
 2: 
 3: /*top*/
 4: extern int t(void);
 5: int main(int argc, char **argv)
 6: {
 7:   if (argc > 1000000) {
 8:     printf("%p", &t);
 9:   }
10: 
11:   return 0;
12: }
13: int t(void) { void ((*volatile p)()); p = (void ((*)()))pg_char_to_encoding; return 0; }
/* end */

"gcc -o conftest -I/usr/local/rvm/rubies/ruby-2.2.2/include/ruby-2.2.0/x86_64-linux -I/usr/local/rvm/rubies/ruby-2.2.2/include/ruby-2.2.0/ruby/backward -I/usr/local/rvm/rubies/ruby-2.2.2/include/ruby-2.2.0 -I. -I/usr/include     -O3 -fno-fast-math -ggdb3 -Wall -Wextra -Wno-unused-parameter -Wno-parentheses -Wno-long-long -Wno-missing-field-initializers -Wunused-variable -Wpointer-arith -Wwrite-strings -Wdeclaration-after-statement -Wimplicit-function-declaration -Wdeprecated-declarations -Wno-packed-bitfield-compat  -fPIC conftest.c  -L/usr/lib64 -Wl,-R/usr/lib64 -L. -L/usr/local/rvm/rubies/ruby-2.2.2/lib -Wl,-R/usr/local/rvm/rubies/ruby-2.2.2/lib -L. -fstack-protector -rdynamic -Wl,-export-dynamic    -lpq  -Wl,-R/usr/local/rvm/rubies/ruby-2.2.2/lib -L/usr/local/rvm/rubies/ruby-2.2.2/lib -lruby -lpq  -lpthread -lrt -ldl -lcrypt -lm   -lc"
conftest.c: In function ‘t’:
conftest.c:13: warning: implicit declaration of function ‘pg_char_to_encoding’
checked program was:
/* begin */
 1: #include "ruby.h"
 2: 
 3: /*top*/
 4: extern int t(void);
 5: int main(int argc, char **argv)
 6: {
 7:   if (argc > 1000000) {
 8:     printf("%p", &t);
 9:   }
10: 
11:   return 0;
12: }
13: int t(void) { pg_char_to_encoding(); return 0; }
/* end */

--------------------

have_func: checking for PQsetClientEncoding()... -------------------- yes

"gcc -o conftest -I/usr/local/rvm/rubies/ruby-2.2.2/include/ruby-2.2.0/x86_64-linux -I/usr/local/rvm/rubies/ruby-2.2.2/include/ruby-2.2.0/ruby/backward -I/usr/local/rvm/rubies/ruby-2.2.2/include/ruby-2.2.0 -I. -I/usr/include     -O3 -fno-fast-math -ggdb3 -Wall -Wextra -Wno-unused-parameter -Wno-parentheses -Wno-long-long -Wno-missing-field-initializers -Wunused-variable -Wpointer-arith -Wwrite-strings -Wdeclaration-after-statement -Wimplicit-function-declaration -Wdeprecated-declarations -Wno-packed-bitfield-compat  -fPIC conftest.c  -L/usr/lib64 -Wl,-R/usr/lib64 -L. -L/usr/local/rvm/rubies/ruby-2.2.2/lib -Wl,-R/usr/local/rvm/rubies/ruby-2.2.2/lib -L. -fstack-protector -rdynamic -Wl,-export-dynamic    -lpq  -Wl,-R/usr/local/rvm/rubies/ruby-2.2.2/lib -L/usr/local/rvm/rubies/ruby-2.2.2/lib -lruby -lpq  -lpthread -lrt -ldl -lcrypt -lm   -lc"
conftest.c: In function ‘t’:
conftest.c:13: error: ‘PQsetClientEncoding’ undeclared (first use in this function)
conftest.c:13: error: (Each undeclared identifier is reported only once
conftest.c:13: error: for each function it appears in.)
checked program was:
/* begin */
 1: #include "ruby.h"
 2: 
 3: /*top*/
 4: extern int t(void);
 5: int main(int argc, char **argv)
 6: {
 7:   if (argc > 1000000) {
 8:     printf("%p", &t);
 9:   }
10: 
11:   return 0;
12: }
13: int t(void) { void ((*volatile p)()); p = (void ((*)()))PQsetClientEncoding; return 0; }
/* end */

"gcc -o conftest -I/usr/local/rvm/rubies/ruby-2.2.2/include/ruby-2.2.0/x86_64-linux -I/usr/local/rvm/rubies/ruby-2.2.2/include/ruby-2.2.0/ruby/backward -I/usr/local/rvm/rubies/ruby-2.2.2/include/ruby-2.2.0 -I. -I/usr/include     -O3 -fno-fast-math -ggdb3 -Wall -Wextra -Wno-unused-parameter -Wno-parentheses -Wno-long-long -Wno-missing-field-initializers -Wunused-variable -Wpointer-arith -Wwrite-strings -Wdeclaration-after-statement -Wimplicit-function-declaration -Wdeprecated-declarations -Wno-packed-bitfield-compat  -fPIC conftest.c  -L/usr/lib64 -Wl,-R/usr/lib64 -L. -L/usr/local/rvm/rubies/ruby-2.2.2/lib -Wl,-R/usr/local/rvm/rubies/ruby-2.2.2/lib -L. -fstack-protector -rdynamic -Wl,-export-dynamic    -lpq  -Wl,-R/usr/local/rvm/rubies/ruby-2.2.2/lib -L/usr/local/rvm/rubies/ruby-2.2.2/lib -lruby -lpq  -lpthread -lrt -ldl -lcrypt -lm   -lc"
conftest.c: In function ‘t’:
conftest.c:13: warning: implicit declaration of function ‘PQsetClientEncoding’
checked program was:
/* begin */
 1: #include "ruby.h"
 2: 
 3: /*top*/
 4: extern int t(void);
 5: int main(int argc, char **argv)
 6: {
 7:   if (argc > 1000000) {
 8:     printf("%p", &t);
 9:   }
10: 
11:   return 0;
12: }
13: int t(void) { PQsetClientEncoding(); return 0; }
/* end */

--------------------

have_func: checking for PQlibVersion()... -------------------- no

"gcc -o conftest -I/usr/local/rvm/rubies/ruby-2.2.2/include/ruby-2.2.0/x86_64-linux -I/usr/local/rvm/rubies/ruby-2.2.2/include/ruby-2.2.0/ruby/backward -I/usr/local/rvm/rubies/ruby-2.2.2/include/ruby-2.2.0 -I. -I/usr/include     -O3 -fno-fast-math -ggdb3 -Wall -Wextra -Wno-unused-parameter -Wno-parentheses -Wno-long-long -Wno-missing-field-initializers -Wunused-variable -Wpointer-arith -Wwrite-strings -Wdeclaration-after-statement -Wimplicit-function-declaration -Wdeprecated-declarations -Wno-packed-bitfield-compat  -fPIC conftest.c  -L/usr/lib64 -Wl,-R/usr/lib64 -L. -L/usr/local/rvm/rubies/ruby-2.2.2/lib -Wl,-R/usr/local/rvm/rubies/ruby-2.2.2/lib -L. -fstack-protector -rdynamic -Wl,-export-dynamic    -lpq  -Wl,-R/usr/local/rvm/rubies/ruby-2.2.2/lib -L/usr/local/rvm/rubies/ruby-2.2.2/lib -lruby -lpq  -lpthread -lrt -ldl -lcrypt -lm   -lc"
conftest.c: In function ‘t’:
conftest.c:13: error: ‘PQlibVersion’ undeclared (first use in this function)
conftest.c:13: error: (Each undeclared identifier is reported only once
conftest.c:13: error: for each function it appears in.)
checked program was:
/* begin */
 1: #include "ruby.h"
 2: 
 3: /*top*/
 4: extern int t(void);
 5: int main(int argc, char **argv)
 6: {
 7:   if (argc > 1000000) {
 8:     printf("%p", &t);
 9:   }
10: 
11:   return 0;
12: }
13: int t(void) { void ((*volatile p)()); p = (void ((*)()))PQlibVersion; return 0; }
/* end */

"gcc -o conftest -I/usr/local/rvm/rubies/ruby-2.2.2/include/ruby-2.2.0/x86_64-linux -I/usr/local/rvm/rubies/ruby-2.2.2/include/ruby-2.2.0/ruby/backward -I/usr/local/rvm/rubies/ruby-2.2.2/include/ruby-2.2.0 -I. -I/usr/include     -O3 -fno-fast-math -ggdb3 -Wall -Wextra -Wno-unused-parameter -Wno-parentheses -Wno-long-long -Wno-missing-field-initializers -Wunused-variable -Wpointer-arith -Wwrite-strings -Wdeclaration-after-statement -Wimplicit-function-declaration -Wdeprecated-declarations -Wno-packed-bitfield-compat  -fPIC conftest.c  -L/usr/lib64 -Wl,-R/usr/lib64 -L. -L/usr/local/rvm/rubies/ruby-2.2.2/lib -Wl,-R/usr/local/rvm/rubies/ruby-2.2.2/lib -L. -fstack-protector -rdynamic -Wl,-export-dynamic    -lpq  -Wl,-R/usr/local/rvm/rubies/ruby-2.2.2/lib -L/usr/local/rvm/rubies/ruby-2.2.2/lib -lruby -lpq  -lpthread -lrt -ldl -lcrypt -lm   -lc"
conftest.c: In function ‘t’:
conftest.c:13: warning: implicit declaration of function ‘PQlibVersion’
/tmp/ccPKKYFy.o: In function `t':
/home/philippb/railsapps/addman.20161103/vendor/bundle/gems/pg-0.19.0/ext/conftest.c:13: undefined reference to `PQlibVersion'
collect2: ld returned 1 exit status
checked program was:
/* begin */
 1: #include "ruby.h"
 2: 
 3: /*top*/
 4: extern int t(void);
 5: int main(int argc, char **argv)
 6: {
 7:   if (argc > 1000000) {
 8:     printf("%p", &t);
 9:   }
10: 
11:   return 0;
12: }
13: int t(void) { PQlibVersion(); return 0; }
/* end */

--------------------

have_func: checking for PQping()... -------------------- no

"gcc -o conftest -I/usr/local/rvm/rubies/ruby-2.2.2/include/ruby-2.2.0/x86_64-linux -I/usr/local/rvm/rubies/ruby-2.2.2/include/ruby-2.2.0/ruby/backward -I/usr/local/rvm/rubies/ruby-2.2.2/include/ruby-2.2.0 -I. -I/usr/include     -O3 -fno-fast-math -ggdb3 -Wall -Wextra -Wno-unused-parameter -Wno-parentheses -Wno-long-long -Wno-missing-field-initializers -Wunused-variable -Wpointer-arith -Wwrite-strings -Wdeclaration-after-statement -Wimplicit-function-declaration -Wdeprecated-declarations -Wno-packed-bitfield-compat  -fPIC conftest.c  -L/usr/lib64 -Wl,-R/usr/lib64 -L. -L/usr/local/rvm/rubies/ruby-2.2.2/lib -Wl,-R/usr/local/rvm/rubies/ruby-2.2.2/lib -L. -fstack-protector -rdynamic -Wl,-export-dynamic    -lpq  -Wl,-R/usr/local/rvm/rubies/ruby-2.2.2/lib -L/usr/local/rvm/rubies/ruby-2.2.2/lib -lruby -lpq  -lpthread -lrt -ldl -lcrypt -lm   -lc"
conftest.c: In function ‘t’:
conftest.c:13: error: ‘PQping’ undeclared (first use in this function)
conftest.c:13: error: (Each undeclared identifier is reported only once
conftest.c:13: error: for each function it appears in.)
checked program was:
/* begin */
 1: #include "ruby.h"
 2: 
 3: /*top*/
 4: extern int t(void);
 5: int main(int argc, char **argv)
 6: {
 7:   if (argc > 1000000) {
 8:     printf("%p", &t);
 9:   }
10: 
11:   return 0;
12: }
13: int t(void) { void ((*volatile p)()); p = (void ((*)()))PQping; return 0; }
/* end */

"gcc -o conftest -I/usr/local/rvm/rubies/ruby-2.2.2/include/ruby-2.2.0/x86_64-linux -I/usr/local/rvm/rubies/ruby-2.2.2/include/ruby-2.2.0/ruby/backward -I/usr/local/rvm/rubies/ruby-2.2.2/include/ruby-2.2.0 -I. -I/usr/include     -O3 -fno-fast-math -ggdb3 -Wall -Wextra -Wno-unused-parameter -Wno-parentheses -Wno-long-long -Wno-missing-field-initializers -Wunused-variable -Wpointer-arith -Wwrite-strings -Wdeclaration-after-statement -Wimplicit-function-declaration -Wdeprecated-declarations -Wno-packed-bitfield-compat  -fPIC conftest.c  -L/usr/lib64 -Wl,-R/usr/lib64 -L. -L/usr/local/rvm/rubies/ruby-2.2.2/lib -Wl,-R/usr/local/rvm/rubies/ruby-2.2.2/lib -L. -fstack-protector -rdynamic -Wl,-export-dynamic    -lpq  -Wl,-R/usr/local/rvm/rubies/ruby-2.2.2/lib -L/usr/local/rvm/rubies/ruby-2.2.2/lib -lruby -lpq  -lpthread -lrt -ldl -lcrypt -lm   -lc"
conftest.c: In function ‘t’:
conftest.c:13: warning: implicit declaration of function ‘PQping’
/tmp/ccgP6yrR.o: In function `t':
/home/philippb/railsapps/addman.20161103/vendor/bundle/gems/pg-0.19.0/ext/conftest.c:13: undefined reference to `PQping'
collect2: ld returned 1 exit status
checked program was:
/* begin */
 1: #include "ruby.h"
 2: 
 3: /*top*/
 4: extern int t(void);
 5: int main(int argc, char **argv)
 6: {
 7:   if (argc > 1000000) {
 8:     printf("%p", &t);
 9:   }
10: 
11:   return 0;
12: }
13: int t(void) { PQping(); return 0; }
/* end */

--------------------

have_func: checking for PQsetSingleRowMode()... -------------------- no

"gcc -o conftest -I/usr/local/rvm/rubies/ruby-2.2.2/include/ruby-2.2.0/x86_64-linux -I/usr/local/rvm/rubies/ruby-2.2.2/include/ruby-2.2.0/ruby/backward -I/usr/local/rvm/rubies/ruby-2.2.2/include/ruby-2.2.0 -I. -I/usr/include     -O3 -fno-fast-math -ggdb3 -Wall -Wextra -Wno-unused-parameter -Wno-parentheses -Wno-long-long -Wno-missing-field-initializers -Wunused-variable -Wpointer-arith -Wwrite-strings -Wdeclaration-after-statement -Wimplicit-function-declaration -Wdeprecated-declarations -Wno-packed-bitfield-compat  -fPIC conftest.c  -L/usr/lib64 -Wl,-R/usr/lib64 -L. -L/usr/local/rvm/rubies/ruby-2.2.2/lib -Wl,-R/usr/local/rvm/rubies/ruby-2.2.2/lib -L. -fstack-protector -rdynamic -Wl,-export-dynamic    -lpq  -Wl,-R/usr/local/rvm/rubies/ruby-2.2.2/lib -L/usr/local/rvm/rubies/ruby-2.2.2/lib -lruby -lpq  -lpthread -lrt -ldl -lcrypt -lm   -lc"
conftest.c: In function ‘t’:
conftest.c:13: error: ‘PQsetSingleRowMode’ undeclared (first use in this function)
conftest.c:13: error: (Each undeclared identifier is reported only once
conftest.c:13: error: for each function it appears in.)
checked program was:
/* begin */
 1: #include "ruby.h"
 2: 
 3: /*top*/
 4: extern int t(void);
 5: int main(int argc, char **argv)
 6: {
 7:   if (argc > 1000000) {
 8:     printf("%p", &t);
 9:   }
10: 
11:   return 0;
12: }
13: int t(void) { void ((*volatile p)()); p = (void ((*)()))PQsetSingleRowMode; return 0; }
/* end */

"gcc -o conftest -I/usr/local/rvm/rubies/ruby-2.2.2/include/ruby-2.2.0/x86_64-linux -I/usr/local/rvm/rubies/ruby-2.2.2/include/ruby-2.2.0/ruby/backward -I/usr/local/rvm/rubies/ruby-2.2.2/include/ruby-2.2.0 -I. -I/usr/include     -O3 -fno-fast-math -ggdb3 -Wall -Wextra -Wno-unused-parameter -Wno-parentheses -Wno-long-long -Wno-missing-field-initializers -Wunused-variable -Wpointer-arith -Wwrite-strings -Wdeclaration-after-statement -Wimplicit-function-declaration -Wdeprecated-declarations -Wno-packed-bitfield-compat  -fPIC conftest.c  -L/usr/lib64 -Wl,-R/usr/lib64 -L. -L/usr/local/rvm/rubies/ruby-2.2.2/lib -Wl,-R/usr/local/rvm/rubies/ruby-2.2.2/lib -L. -fstack-protector -rdynamic -Wl,-export-dynamic    -lpq  -Wl,-R/usr/local/rvm/rubies/ruby-2.2.2/lib -L/usr/local/rvm/rubies/ruby-2.2.2/lib -lruby -lpq  -lpthread -lrt -ldl -lcrypt -lm   -lc"
conftest.c: In function ‘t’:
conftest.c:13: warning: implicit declaration of function ‘PQsetSingleRowMode’
/tmp/ccP6Oayb.o: In function `t':
/home/philippb/railsapps/addman.20161103/vendor/bundle/gems/pg-0.19.0/ext/conftest.c:13: undefined reference to `PQsetSingleRowMode'
collect2: ld returned 1 exit status
checked program was:
/* begin */
 1: #include "ruby.h"
 2: 
 3: /*top*/
 4: extern int t(void);
 5: int main(int argc, char **argv)
 6: {
 7:   if (argc > 1000000) {
 8:     printf("%p", &t);
 9:   }
10: 
11:   return 0;
12: }
13: int t(void) { PQsetSingleRowMode(); return 0; }
/* end */

--------------------

have_func: checking for PQconninfo()... -------------------- no

"gcc -o conftest -I/usr/local/rvm/rubies/ruby-2.2.2/include/ruby-2.2.0/x86_64-linux -I/usr/local/rvm/rubies/ruby-2.2.2/include/ruby-2.2.0/ruby/backward -I/usr/local/rvm/rubies/ruby-2.2.2/include/ruby-2.2.0 -I. -I/usr/include     -O3 -fno-fast-math -ggdb3 -Wall -Wextra -Wno-unused-parameter -Wno-parentheses -Wno-long-long -Wno-missing-field-initializers -Wunused-variable -Wpointer-arith -Wwrite-strings -Wdeclaration-after-statement -Wimplicit-function-declaration -Wdeprecated-declarations -Wno-packed-bitfield-compat  -fPIC conftest.c  -L/usr/lib64 -Wl,-R/usr/lib64 -L. -L/usr/local/rvm/rubies/ruby-2.2.2/lib -Wl,-R/usr/local/rvm/rubies/ruby-2.2.2/lib -L. -fstack-protector -rdynamic -Wl,-export-dynamic    -lpq  -Wl,-R/usr/local/rvm/rubies/ruby-2.2.2/lib -L/usr/local/rvm/rubies/ruby-2.2.2/lib -lruby -lpq  -lpthread -lrt -ldl -lcrypt -lm   -lc"
conftest.c: In function ‘t’:
conftest.c:13: error: ‘PQconninfo’ undeclared (first use in this function)
conftest.c:13: error: (Each undeclared identifier is reported only once
conftest.c:13: error: for each function it appears in.)
checked program was:
/* begin */
 1: #include "ruby.h"
 2: 
 3: /*top*/
 4: extern int t(void);
 5: int main(int argc, char **argv)
 6: {
 7:   if (argc > 1000000) {
 8:     printf("%p", &t);
 9:   }
10: 
11:   return 0;
12: }
13: int t(void) { void ((*volatile p)()); p = (void ((*)()))PQconninfo; return 0; }
/* end */

"gcc -o conftest -I/usr/local/rvm/rubies/ruby-2.2.2/include/ruby-2.2.0/x86_64-linux -I/usr/local/rvm/rubies/ruby-2.2.2/include/ruby-2.2.0/ruby/backward -I/usr/local/rvm/rubies/ruby-2.2.2/include/ruby-2.2.0 -I. -I/usr/include     -O3 -fno-fast-math -ggdb3 -Wall -Wextra -Wno-unused-parameter -Wno-parentheses -Wno-long-long -Wno-missing-field-initializers -Wunused-variable -Wpointer-arith -Wwrite-strings -Wdeclaration-after-statement -Wimplicit-function-declaration -Wdeprecated-declarations -Wno-packed-bitfield-compat  -fPIC conftest.c  -L/usr/lib64 -Wl,-R/usr/lib64 -L. -L/usr/local/rvm/rubies/ruby-2.2.2/lib -Wl,-R/usr/local/rvm/rubies/ruby-2.2.2/lib -L. -fstack-protector -rdynamic -Wl,-export-dynamic    -lpq  -Wl,-R/usr/local/rvm/rubies/ruby-2.2.2/lib -L/usr/local/rvm/rubies/ruby-2.2.2/lib -lruby -lpq  -lpthread -lrt -ldl -lcrypt -lm   -lc"
conftest.c: In function ‘t’:
conftest.c:13: warning: implicit declaration of function ‘PQconninfo’
/tmp/cchG7uqm.o: In function `t':
/home/philippb/railsapps/addman.20161103/vendor/bundle/gems/pg-0.19.0/ext/conftest.c:13: undefined reference to `PQconninfo'
collect2: ld returned 1 exit status
checked program was:
/* begin */
 1: #include "ruby.h"
 2: 
 3: /*top*/
 4: extern int t(void);
 5: int main(int argc, char **argv)
 6: {
 7:   if (argc > 1000000) {
 8:     printf("%p", &t);
 9:   }
10: 
11:   return 0;
12: }
13: int t(void) { PQconninfo(); return 0; }
/* end */

--------------------

have_func: checking for PQsslAttribute()... -------------------- no

"gcc -o conftest -I/usr/local/rvm/rubies/ruby-2.2.2/include/ruby-2.2.0/x86_64-linux -I/usr/local/rvm/rubies/ruby-2.2.2/include/ruby-2.2.0/ruby/backward -I/usr/local/rvm/rubies/ruby-2.2.2/include/ruby-2.2.0 -I. -I/usr/include     -O3 -fno-fast-math -ggdb3 -Wall -Wextra -Wno-unused-parameter -Wno-parentheses -Wno-long-long -Wno-missing-field-initializers -Wunused-variable -Wpointer-arith -Wwrite-strings -Wdeclaration-after-statement -Wimplicit-function-declaration -Wdeprecated-declarations -Wno-packed-bitfield-compat  -fPIC conftest.c  -L/usr/lib64 -Wl,-R/usr/lib64 -L. -L/usr/local/rvm/rubies/ruby-2.2.2/lib -Wl,-R/usr/local/rvm/rubies/ruby-2.2.2/lib -L. -fstack-protector -rdynamic -Wl,-export-dynamic    -lpq  -Wl,-R/usr/local/rvm/rubies/ruby-2.2.2/lib -L/usr/local/rvm/rubies/ruby-2.2.2/lib -lruby -lpq  -lpthread -lrt -ldl -lcrypt -lm   -lc"
conftest.c: In function ‘t’:
conftest.c:13: error: ‘PQsslAttribute’ undeclared (first use in this function)
conftest.c:13: error: (Each undeclared identifier is reported only once
conftest.c:13: error: for each function it appears in.)
checked program was:
/* begin */
 1: #include "ruby.h"
 2: 
 3: /*top*/
 4: extern int t(void);
 5: int main(int argc, char **argv)
 6: {
 7:   if (argc > 1000000) {
 8:     printf("%p", &t);
 9:   }
10: 
11:   return 0;
12: }
13: int t(void) { void ((*volatile p)()); p = (void ((*)()))PQsslAttribute; return 0; }
/* end */

"gcc -o conftest -I/usr/local/rvm/rubies/ruby-2.2.2/include/ruby-2.2.0/x86_64-linux -I/usr/local/rvm/rubies/ruby-2.2.2/include/ruby-2.2.0/ruby/backward -I/usr/local/rvm/rubies/ruby-2.2.2/include/ruby-2.2.0 -I. -I/usr/include     -O3 -fno-fast-math -ggdb3 -Wall -Wextra -Wno-unused-parameter -Wno-parentheses -Wno-long-long -Wno-missing-field-initializers -Wunused-variable -Wpointer-arith -Wwrite-strings -Wdeclaration-after-statement -Wimplicit-function-declaration -Wdeprecated-declarations -Wno-packed-bitfield-compat  -fPIC conftest.c  -L/usr/lib64 -Wl,-R/usr/lib64 -L. -L/usr/local/rvm/rubies/ruby-2.2.2/lib -Wl,-R/usr/local/rvm/rubies/ruby-2.2.2/lib -L. -fstack-protector -rdynamic -Wl,-export-dynamic    -lpq  -Wl,-R/usr/local/rvm/rubies/ruby-2.2.2/lib -L/usr/local/rvm/rubies/ruby-2.2.2/lib -lruby -lpq  -lpthread -lrt -ldl -lcrypt -lm   -lc"
conftest.c: In function ‘t’:
conftest.c:13: warning: implicit declaration of function ‘PQsslAttribute’
/tmp/ccfQaWhC.o: In function `t':
/home/philippb/railsapps/addman.20161103/vendor/bundle/gems/pg-0.19.0/ext/conftest.c:13: undefined reference to `PQsslAttribute'
collect2: ld returned 1 exit status
checked program was:
/* begin */
 1: #include "ruby.h"
 2: 
 3: /*top*/
 4: extern int t(void);
 5: int main(int argc, char **argv)
 6: {
 7:   if (argc > 1000000) {
 8:     printf("%p", &t);
 9:   }
10: 
11:   return 0;
12: }
13: int t(void) { PQsslAttribute(); return 0; }
/* end */

--------------------

have_func: checking for rb_encdb_alias()... -------------------- no

"gcc -o conftest -I/usr/local/rvm/rubies/ruby-2.2.2/include/ruby-2.2.0/x86_64-linux -I/usr/local/rvm/rubies/ruby-2.2.2/include/ruby-2.2.0/ruby/backward -I/usr/local/rvm/rubies/ruby-2.2.2/include/ruby-2.2.0 -I. -I/usr/include     -O3 -fno-fast-math -ggdb3 -Wall -Wextra -Wno-unused-parameter -Wno-parentheses -Wno-long-long -Wno-missing-field-initializers -Wunused-variable -Wpointer-arith -Wwrite-strings -Wdeclaration-after-statement -Wimplicit-function-declaration -Wdeprecated-declarations -Wno-packed-bitfield-compat  -fPIC conftest.c  -L/usr/lib64 -Wl,-R/usr/lib64 -L. -L/usr/local/rvm/rubies/ruby-2.2.2/lib -Wl,-R/usr/local/rvm/rubies/ruby-2.2.2/lib -L. -fstack-protector -rdynamic -Wl,-export-dynamic    -lpq  -Wl,-R/usr/local/rvm/rubies/ruby-2.2.2/lib -L/usr/local/rvm/rubies/ruby-2.2.2/lib -lruby -lpq  -lpthread -lrt -ldl -lcrypt -lm   -lc"
conftest.c: In function ‘t’:
conftest.c:13: error: ‘rb_encdb_alias’ undeclared (first use in this function)
conftest.c:13: error: (Each undeclared identifier is reported only once
conftest.c:13: error: for each function it appears in.)
checked program was:
/* begin */
 1: #include "ruby.h"
 2: 
 3: /*top*/
 4: extern int t(void);
 5: int main(int argc, char **argv)
 6: {
 7:   if (argc > 1000000) {
 8:     printf("%p", &t);
 9:   }
10: 
11:   return 0;
12: }
13: int t(void) { void ((*volatile p)()); p = (void ((*)()))rb_encdb_alias; return 0; }
/* end */

"gcc -o conftest -I/usr/local/rvm/rubies/ruby-2.2.2/include/ruby-2.2.0/x86_64-linux -I/usr/local/rvm/rubies/ruby-2.2.2/include/ruby-2.2.0/ruby/backward -I/usr/local/rvm/rubies/ruby-2.2.2/include/ruby-2.2.0 -I. -I/usr/include     -O3 -fno-fast-math -ggdb3 -Wall -Wextra -Wno-unused-parameter -Wno-parentheses -Wno-long-long -Wno-missing-field-initializers -Wunused-variable -Wpointer-arith -Wwrite-strings -Wdeclaration-after-statement -Wimplicit-function-declaration -Wdeprecated-declarations -Wno-packed-bitfield-compat  -fPIC conftest.c  -L/usr/lib64 -Wl,-R/usr/lib64 -L. -L/usr/local/rvm/rubies/ruby-2.2.2/lib -Wl,-R/usr/local/rvm/rubies/ruby-2.2.2/lib -L. -fstack-protector -rdynamic -Wl,-export-dynamic    -lpq  -Wl,-R/usr/local/rvm/rubies/ruby-2.2.2/lib -L/usr/local/rvm/rubies/ruby-2.2.2/lib -lruby -lpq  -lpthread -lrt -ldl -lcrypt -lm   -lc"
conftest.c: In function ‘t’:
conftest.c:13: warning: implicit declaration of function ‘rb_encdb_alias’
/tmp/cc28LwAZ.o: In function `t':
/home/philippb/railsapps/addman.20161103/vendor/bundle/gems/pg-0.19.0/ext/conftest.c:13: undefined reference to `rb_encdb_alias'
collect2: ld returned 1 exit status
checked program was:
/* begin */
 1: #include "ruby.h"
 2: 
 3: /*top*/
 4: extern int t(void);
 5: int main(int argc, char **argv)
 6: {
 7:   if (argc > 1000000) {
 8:     printf("%p", &t);
 9:   }
10: 
11:   return 0;
12: }
13: int t(void) { rb_encdb_alias(); return 0; }
/* end */

--------------------

have_func: checking for rb_enc_alias()... -------------------- no

"gcc -o conftest -I/usr/local/rvm/rubies/ruby-2.2.2/include/ruby-2.2.0/x86_64-linux -I/usr/local/rvm/rubies/ruby-2.2.2/include/ruby-2.2.0/ruby/backward -I/usr/local/rvm/rubies/ruby-2.2.2/include/ruby-2.2.0 -I. -I/usr/include     -O3 -fno-fast-math -ggdb3 -Wall -Wextra -Wno-unused-parameter -Wno-parentheses -Wno-long-long -Wno-missing-field-initializers -Wunused-variable -Wpointer-arith -Wwrite-strings -Wdeclaration-after-statement -Wimplicit-function-declaration -Wdeprecated-declarations -Wno-packed-bitfield-compat  -fPIC conftest.c  -L/usr/lib64 -Wl,-R/usr/lib64 -L. -L/usr/local/rvm/rubies/ruby-2.2.2/lib -Wl,-R/usr/local/rvm/rubies/ruby-2.2.2/lib -L. -fstack-protector -rdynamic -Wl,-export-dynamic    -lpq  -Wl,-R/usr/local/rvm/rubies/ruby-2.2.2/lib -L/usr/local/rvm/rubies/ruby-2.2.2/lib -lruby -lpq  -lpthread -lrt -ldl -lcrypt -lm   -lc"
conftest.c: In function ‘t’:
conftest.c:13: error: ‘rb_enc_alias’ undeclared (first use in this function)
conftest.c:13: error: (Each undeclared identifier is reported only once
conftest.c:13: error: for each function it appears in.)
checked program was:
/* begin */
 1: #include "ruby.h"
 2: 
 3: /*top*/
 4: extern int t(void);
 5: int main(int argc, char **argv)
 6: {
 7:   if (argc > 1000000) {
 8:     printf("%p", &t);
 9:   }
10: 
11:   return 0;
12: }
13: int t(void) { void ((*volatile p)()); p = (void ((*)()))rb_enc_alias; return 0; }
/* end */

"gcc -o conftest -I/usr/local/rvm/rubies/ruby-2.2.2/include/ruby-2.2.0/x86_64-linux -I/usr/local/rvm/rubies/ruby-2.2.2/include/ruby-2.2.0/ruby/backward -I/usr/local/rvm/rubies/ruby-2.2.2/include/ruby-2.2.0 -I. -I/usr/include     -O3 -fno-fast-math -ggdb3 -Wall -Wextra -Wno-unused-parameter -Wno-parentheses -Wno-long-long -Wno-missing-field-initializers -Wunused-variable -Wpointer-arith -Wwrite-strings -Wdeclaration-after-statement -Wimplicit-function-declaration -Wdeprecated-declarations -Wno-packed-bitfield-compat  -fPIC conftest.c  -L/usr/lib64 -Wl,-R/usr/lib64 -L. -L/usr/local/rvm/rubies/ruby-2.2.2/lib -Wl,-R/usr/local/rvm/rubies/ruby-2.2.2/lib -L. -fstack-protector -rdynamic -Wl,-export-dynamic    -lpq  -Wl,-R/usr/local/rvm/rubies/ruby-2.2.2/lib -L/usr/local/rvm/rubies/ruby-2.2.2/lib -lruby -lpq  -lpthread -lrt -ldl -lcrypt -lm   -lc"
conftest.c: In function ‘t’:
conftest.c:13: warning: implicit declaration of function ‘rb_enc_alias’
/tmp/ccG0y5si.o: In function `t':
/home/philippb/railsapps/addman.20161103/vendor/bundle/gems/pg-0.19.0/ext/conftest.c:13: undefined reference to `rb_enc_alias'
collect2: ld returned 1 exit status
checked program was:
/* begin */
 1: #include "ruby.h"
 2: 
 3: /*top*/
 4: extern int t(void);
 5: int main(int argc, char **argv)
 6: {
 7:   if (argc > 1000000) {
 8:     printf("%p", &t);
 9:   }
10: 
11:   return 0;
12: }
13: int t(void) { rb_enc_alias(); return 0; }
/* end */

--------------------

have_func: checking for rb_thread_call_without_gvl()... -------------------- no

"gcc -o conftest -I/usr/local/rvm/rubies/ruby-2.2.2/include/ruby-2.2.0/x86_64-linux -I/usr/local/rvm/rubies/ruby-2.2.2/include/ruby-2.2.0/ruby/backward -I/usr/local/rvm/rubies/ruby-2.2.2/include/ruby-2.2.0 -I. -I/usr/include     -O3 -fno-fast-math -ggdb3 -Wall -Wextra -Wno-unused-parameter -Wno-parentheses -Wno-long-long -Wno-missing-field-initializers -Wunused-variable -Wpointer-arith -Wwrite-strings -Wdeclaration-after-statement -Wimplicit-function-declaration -Wdeprecated-declarations -Wno-packed-bitfield-compat  -fPIC conftest.c  -L/usr/lib64 -Wl,-R/usr/lib64 -L. -L/usr/local/rvm/rubies/ruby-2.2.2/lib -Wl,-R/usr/local/rvm/rubies/ruby-2.2.2/lib -L. -fstack-protector -rdynamic -Wl,-export-dynamic    -lpq  -Wl,-R/usr/local/rvm/rubies/ruby-2.2.2/lib -L/usr/local/rvm/rubies/ruby-2.2.2/lib -lruby -lpq  -lpthread -lrt -ldl -lcrypt -lm   -lc"
conftest.c: In function ‘t’:
conftest.c:13: error: ‘rb_thread_call_without_gvl’ undeclared (first use in this function)
conftest.c:13: error: (Each undeclared identifier is reported only once
conftest.c:13: error: for each function it appears in.)
checked program was:
/* begin */
 1: #include "ruby.h"
 2: 
 3: /*top*/
 4: extern int t(void);
 5: int main(int argc, char **argv)
 6: {
 7:   if (argc > 1000000) {
 8:     printf("%p", &t);
 9:   }
10: 
11:   return 0;
12: }
13: int t(void) { void ((*volatile p)()); p = (void ((*)()))rb_thread_call_without_gvl; return 0; }
/* end */

"gcc -o conftest -I/usr/local/rvm/rubies/ruby-2.2.2/include/ruby-2.2.0/x86_64-linux -I/usr/local/rvm/rubies/ruby-2.2.2/include/ruby-2.2.0/ruby/backward -I/usr/local/rvm/rubies/ruby-2.2.2/include/ruby-2.2.0 -I. -I/usr/include     -O3 -fno-fast-math -ggdb3 -Wall -Wextra -Wno-unused-parameter -Wno-parentheses -Wno-long-long -Wno-missing-field-initializers -Wunused-variable -Wpointer-arith -Wwrite-strings -Wdeclaration-after-statement -Wimplicit-function-declaration -Wdeprecated-declarations -Wno-packed-bitfield-compat  -fPIC conftest.c  -L/usr/lib64 -Wl,-R/usr/lib64 -L. -L/usr/local/rvm/rubies/ruby-2.2.2/lib -Wl,-R/usr/local/rvm/rubies/ruby-2.2.2/lib -L. -fstack-protector -rdynamic -Wl,-export-dynamic    -lpq  -Wl,-R/usr/local/rvm/rubies/ruby-2.2.2/lib -L/usr/local/rvm/rubies/ruby-2.2.2/lib -lruby -lpq  -lpthread -lrt -ldl -lcrypt -lm   -lc"
conftest.c: In function ‘t’:
conftest.c:13: warning: implicit declaration of function ‘rb_thread_call_without_gvl’
/tmp/cckkWqEB.o: In function `t':
/home/philippb/railsapps/addman.20161103/vendor/bundle/gems/pg-0.19.0/ext/conftest.c:13: undefined reference to `rb_thread_call_without_gvl'
collect2: ld returned 1 exit status
checked program was:
/* begin */
 1: #include "ruby.h"
 2: 
 3: /*top*/
 4: extern int t(void);
 5: int main(int argc, char **argv)
 6: {
 7:   if (argc > 1000000) {
 8:     printf("%p", &t);
 9:   }
10: 
11:   return 0;
12: }
13: int t(void) { rb_thread_call_without_gvl(); return 0; }
/* end */

--------------------

have_func: checking for rb_thread_call_with_gvl()... -------------------- no

"gcc -o conftest -I/usr/local/rvm/rubies/ruby-2.2.2/include/ruby-2.2.0/x86_64-linux -I/usr/local/rvm/rubies/ruby-2.2.2/include/ruby-2.2.0/ruby/backward -I/usr/local/rvm/rubies/ruby-2.2.2/include/ruby-2.2.0 -I. -I/usr/include     -O3 -fno-fast-math -ggdb3 -Wall -Wextra -Wno-unused-parameter -Wno-parentheses -Wno-long-long -Wno-missing-field-initializers -Wunused-variable -Wpointer-arith -Wwrite-strings -Wdeclaration-after-statement -Wimplicit-function-declaration -Wdeprecated-declarations -Wno-packed-bitfield-compat  -fPIC conftest.c  -L/usr/lib64 -Wl,-R/usr/lib64 -L. -L/usr/local/rvm/rubies/ruby-2.2.2/lib -Wl,-R/usr/local/rvm/rubies/ruby-2.2.2/lib -L. -fstack-protector -rdynamic -Wl,-export-dynamic    -lpq  -Wl,-R/usr/local/rvm/rubies/ruby-2.2.2/lib -L/usr/local/rvm/rubies/ruby-2.2.2/lib -lruby -lpq  -lpthread -lrt -ldl -lcrypt -lm   -lc"
conftest.c: In function ‘t’:
conftest.c:13: error: ‘rb_thread_call_with_gvl’ undeclared (first use in this function)
conftest.c:13: error: (Each undeclared identifier is reported only once
conftest.c:13: error: for each function it appears in.)
checked program was:
/* begin */
 1: #include "ruby.h"
 2: 
 3: /*top*/
 4: extern int t(void);
 5: int main(int argc, char **argv)
 6: {
 7:   if (argc > 1000000) {
 8:     printf("%p", &t);
 9:   }
10: 
11:   return 0;
12: }
13: int t(void) { void ((*volatile p)()); p = (void ((*)()))rb_thread_call_with_gvl; return 0; }
/* end */

"gcc -o conftest -I/usr/local/rvm/rubies/ruby-2.2.2/include/ruby-2.2.0/x86_64-linux -I/usr/local/rvm/rubies/ruby-2.2.2/include/ruby-2.2.0/ruby/backward -I/usr/local/rvm/rubies/ruby-2.2.2/include/ruby-2.2.0 -I. -I/usr/include     -O3 -fno-fast-math -ggdb3 -Wall -Wextra -Wno-unused-parameter -Wno-parentheses -Wno-long-long -Wno-missing-field-initializers -Wunused-variable -Wpointer-arith -Wwrite-strings -Wdeclaration-after-statement -Wimplicit-function-declaration -Wdeprecated-declarations -Wno-packed-bitfield-compat  -fPIC conftest.c  -L/usr/lib64 -Wl,-R/usr/lib64 -L. -L/usr/local/rvm/rubies/ruby-2.2.2/lib -Wl,-R/usr/local/rvm/rubies/ruby-2.2.2/lib -L. -fstack-protector -rdynamic -Wl,-export-dynamic    -lpq  -Wl,-R/usr/local/rvm/rubies/ruby-2.2.2/lib -L/usr/local/rvm/rubies/ruby-2.2.2/lib -lruby -lpq  -lpthread -lrt -ldl -lcrypt -lm   -lc"
conftest.c: In function ‘t’:
conftest.c:13: warning: implicit declaration of function ‘rb_thread_call_with_gvl’
/tmp/cciOppSH.o: In function `t':
/home/philippb/railsapps/addman.20161103/vendor/bundle/gems/pg-0.19.0/ext/conftest.c:13: undefined reference to `rb_thread_call_with_gvl'
collect2: ld returned 1 exit status
checked program was:
/* begin */
 1: #include "ruby.h"
 2: 
 3: /*top*/
 4: extern int t(void);
 5: int main(int argc, char **argv)
 6: {
 7:   if (argc > 1000000) {
 8:     printf("%p", &t);
 9:   }
10: 
11:   return 0;
12: }
13: int t(void) { rb_thread_call_with_gvl(); return 0; }
/* end */

--------------------

have_func: checking for rb_thread_fd_select()... -------------------- no

"gcc -o conftest -I/usr/local/rvm/rubies/ruby-2.2.2/include/ruby-2.2.0/x86_64-linux -I/usr/local/rvm/rubies/ruby-2.2.2/include/ruby-2.2.0/ruby/backward -I/usr/local/rvm/rubies/ruby-2.2.2/include/ruby-2.2.0 -I. -I/usr/include     -O3 -fno-fast-math -ggdb3 -Wall -Wextra -Wno-unused-parameter -Wno-parentheses -Wno-long-long -Wno-missing-field-initializers -Wunused-variable -Wpointer-arith -Wwrite-strings -Wdeclaration-after-statement -Wimplicit-function-declaration -Wdeprecated-declarations -Wno-packed-bitfield-compat  -fPIC conftest.c  -L/usr/lib64 -Wl,-R/usr/lib64 -L. -L/usr/local/rvm/rubies/ruby-2.2.2/lib -Wl,-R/usr/local/rvm/rubies/ruby-2.2.2/lib -L. -fstack-protector -rdynamic -Wl,-export-dynamic    -lpq  -Wl,-R/usr/local/rvm/rubies/ruby-2.2.2/lib -L/usr/local/rvm/rubies/ruby-2.2.2/lib -lruby -lpq  -lpthread -lrt -ldl -lcrypt -lm   -lc"
/tmp/ccSHddG0.o: In function `t':
/home/philippb/railsapps/addman.20161103/vendor/bundle/gems/pg-0.19.0/ext/conftest.c:13: undefined reference to `rb_thread_fd_select'
collect2: ld returned 1 exit status
checked program was:
/* begin */
 1: #include "ruby.h"
 2: 
 3: /*top*/
 4: extern int t(void);
 5: int main(int argc, char **argv)
 6: {
 7:   if (argc > 1000000) {
 8:     printf("%p", &t);
 9:   }
10: 
11:   return 0;
12: }
13: int t(void) { void ((*volatile p)()); p = (void ((*)()))rb_thread_fd_select; return 0; }
/* end */

"gcc -o conftest -I/usr/local/rvm/rubies/ruby-2.2.2/include/ruby-2.2.0/x86_64-linux -I/usr/local/rvm/rubies/ruby-2.2.2/include/ruby-2.2.0/ruby/backward -I/usr/local/rvm/rubies/ruby-2.2.2/include/ruby-2.2.0 -I. -I/usr/include     -O3 -fno-fast-math -ggdb3 -Wall -Wextra -Wno-unused-parameter -Wno-parentheses -Wno-long-long -Wno-missing-field-initializers -Wunused-variable -Wpointer-arith -Wwrite-strings -Wdeclaration-after-statement -Wimplicit-function-declaration -Wdeprecated-declarations -Wno-packed-bitfield-compat  -fPIC conftest.c  -L/usr/lib64 -Wl,-R/usr/lib64 -L. -L/usr/local/rvm/rubies/ruby-2.2.2/lib -Wl,-R/usr/local/rvm/rubies/ruby-2.2.2/lib -L. -fstack-protector -rdynamic -Wl,-export-dynamic    -lpq  -Wl,-R/usr/local/rvm/rubies/ruby-2.2.2/lib -L/usr/local/rvm/rubies/ruby-2.2.2/lib -lruby -lpq  -lpthread -lrt -ldl -lcrypt -lm   -lc"
conftest.c: In function ‘t’:
conftest.c:13: error: too few arguments to function ‘rb_thread_fd_select’
checked program was:
/* begin */
 1: #include "ruby.h"
 2: 
 3: /*top*/
 4: extern int t(void);
 5: int main(int argc, char **argv)
 6: {
 7:   if (argc > 1000000) {
 8:     printf("%p", &t);
 9:   }
10: 
11:   return 0;
12: }
13: int t(void) { rb_thread_fd_select(); return 0; }
/* end */

--------------------

have_func: checking for rb_w32_wrap_io_handle()... -------------------- no

"gcc -o conftest -I/usr/local/rvm/rubies/ruby-2.2.2/include/ruby-2.2.0/x86_64-linux -I/usr/local/rvm/rubies/ruby-2.2.2/include/ruby-2.2.0/ruby/backward -I/usr/local/rvm/rubies/ruby-2.2.2/include/ruby-2.2.0 -I. -I/usr/include     -O3 -fno-fast-math -ggdb3 -Wall -Wextra -Wno-unused-parameter -Wno-parentheses -Wno-long-long -Wno-missing-field-initializers -Wunused-variable -Wpointer-arith -Wwrite-strings -Wdeclaration-after-statement -Wimplicit-function-declaration -Wdeprecated-declarations -Wno-packed-bitfield-compat  -fPIC conftest.c  -L/usr/lib64 -Wl,-R/usr/lib64 -L. -L/usr/local/rvm/rubies/ruby-2.2.2/lib -Wl,-R/usr/local/rvm/rubies/ruby-2.2.2/lib -L. -fstack-protector -rdynamic -Wl,-export-dynamic    -lpq  -Wl,-R/usr/local/rvm/rubies/ruby-2.2.2/lib -L/usr/local/rvm/rubies/ruby-2.2.2/lib -lruby -lpq  -lpthread -lrt -ldl -lcrypt -lm   -lc"
conftest.c: In function ‘t’:
conftest.c:13: error: ‘rb_w32_wrap_io_handle’ undeclared (first use in this function)
conftest.c:13: error: (Each undeclared identifier is reported only once
conftest.c:13: error: for each function it appears in.)
checked program was:
/* begin */
 1: #include "ruby.h"
 2: 
 3: /*top*/
 4: extern int t(void);
 5: int main(int argc, char **argv)
 6: {
 7:   if (argc > 1000000) {
 8:     printf("%p", &t);
 9:   }
10: 
11:   return 0;
12: }
13: int t(void) { void ((*volatile p)()); p = (void ((*)()))rb_w32_wrap_io_handle; return 0; }
/* end */

"gcc -o conftest -I/usr/local/rvm/rubies/ruby-2.2.2/include/ruby-2.2.0/x86_64-linux -I/usr/local/rvm/rubies/ruby-2.2.2/include/ruby-2.2.0/ruby/backward -I/usr/local/rvm/rubies/ruby-2.2.2/include/ruby-2.2.0 -I. -I/usr/include     -O3 -fno-fast-math -ggdb3 -Wall -Wextra -Wno-unused-parameter -Wno-parentheses -Wno-long-long -Wno-missing-field-initializers -Wunused-variable -Wpointer-arith -Wwrite-strings -Wdeclaration-after-statement -Wimplicit-function-declaration -Wdeprecated-declarations -Wno-packed-bitfield-compat  -fPIC conftest.c  -L/usr/lib64 -Wl,-R/usr/lib64 -L. -L/usr/local/rvm/rubies/ruby-2.2.2/lib -Wl,-R/usr/local/rvm/rubies/ruby-2.2.2/lib -L. -fstack-protector -rdynamic -Wl,-export-dynamic    -lpq  -Wl,-R/usr/local/rvm/rubies/ruby-2.2.2/lib -L/usr/local/rvm/rubies/ruby-2.2.2/lib -lruby -lpq  -lpthread -lrt -ldl -lcrypt -lm   -lc"
conftest.c: In function ‘t’:
conftest.c:13: warning: implicit declaration of function ‘rb_w32_wrap_io_handle’
/tmp/ccXYuDUr.o: In function `t':
/home/philippb/railsapps/addman.20161103/vendor/bundle/gems/pg-0.19.0/ext/conftest.c:13: undefined reference to `rb_w32_wrap_io_handle'
collect2: ld returned 1 exit status
checked program was:
/* begin */
 1: #include "ruby.h"
 2: 
 3: /*top*/
 4: extern int t(void);
 5: int main(int argc, char **argv)
 6: {
 7:   if (argc > 1000000) {
 8:     printf("%p", &t);
 9:   }
10: 
11:   return 0;
12: }
13: int t(void) { rb_w32_wrap_io_handle(); return 0; }
/* end */

--------------------

have_func: checking for rb_str_modify_expand()... -------------------- no

"gcc -o conftest -I/usr/local/rvm/rubies/ruby-2.2.2/include/ruby-2.2.0/x86_64-linux -I/usr/local/rvm/rubies/ruby-2.2.2/include/ruby-2.2.0/ruby/backward -I/usr/local/rvm/rubies/ruby-2.2.2/include/ruby-2.2.0 -I. -I/usr/include     -O3 -fno-fast-math -ggdb3 -Wall -Wextra -Wno-unused-parameter -Wno-parentheses -Wno-long-long -Wno-missing-field-initializers -Wunused-variable -Wpointer-arith -Wwrite-strings -Wdeclaration-after-statement -Wimplicit-function-declaration -Wdeprecated-declarations -Wno-packed-bitfield-compat  -fPIC conftest.c  -L/usr/lib64 -Wl,-R/usr/lib64 -L. -L/usr/local/rvm/rubies/ruby-2.2.2/lib -Wl,-R/usr/local/rvm/rubies/ruby-2.2.2/lib -L. -fstack-protector -rdynamic -Wl,-export-dynamic    -lpq  -Wl,-R/usr/local/rvm/rubies/ruby-2.2.2/lib -L/usr/local/rvm/rubies/ruby-2.2.2/lib -lruby -lpq  -lpthread -lrt -ldl -lcrypt -lm   -lc"
/tmp/ccIveFNA.o: In function `t':
/home/philippb/railsapps/addman.20161103/vendor/bundle/gems/pg-0.19.0/ext/conftest.c:13: undefined reference to `rb_str_modify_expand'
collect2: ld returned 1 exit status
checked program was:
/* begin */
 1: #include "ruby.h"
 2: 
 3: /*top*/
 4: extern int t(void);
 5: int main(int argc, char **argv)
 6: {
 7:   if (argc > 1000000) {
 8:     printf("%p", &t);
 9:   }
10: 
11:   return 0;
12: }
13: int t(void) { void ((*volatile p)()); p = (void ((*)()))rb_str_modify_expand; return 0; }
/* end */

"gcc -o conftest -I/usr/local/rvm/rubies/ruby-2.2.2/include/ruby-2.2.0/x86_64-linux -I/usr/local/rvm/rubies/ruby-2.2.2/include/ruby-2.2.0/ruby/backward -I/usr/local/rvm/rubies/ruby-2.2.2/include/ruby-2.2.0 -I. -I/usr/include     -O3 -fno-fast-math -ggdb3 -Wall -Wextra -Wno-unused-parameter -Wno-parentheses -Wno-long-long -Wno-missing-field-initializers -Wunused-variable -Wpointer-arith -Wwrite-strings -Wdeclaration-after-statement -Wimplicit-function-declaration -Wdeprecated-declarations -Wno-packed-bitfield-compat  -fPIC conftest.c  -L/usr/lib64 -Wl,-R/usr/lib64 -L. -L/usr/local/rvm/rubies/ruby-2.2.2/lib -Wl,-R/usr/local/rvm/rubies/ruby-2.2.2/lib -L. -fstack-protector -rdynamic -Wl,-export-dynamic    -lpq  -Wl,-R/usr/local/rvm/rubies/ruby-2.2.2/lib -L/usr/local/rvm/rubies/ruby-2.2.2/lib -lruby -lpq  -lpthread -lrt -ldl -lcrypt -lm   -lc"
conftest.c: In function ‘t’:
conftest.c:13: error: too few arguments to function ‘rb_str_modify_expand’
checked program was:
/* begin */
 1: #include "ruby.h"
 2: 
 3: /*top*/
 4: extern int t(void);
 5: int main(int argc, char **argv)
 6: {
 7:   if (argc > 1000000) {
 8:     printf("%p", &t);
 9:   }
10: 
11:   return 0;
12: }
13: int t(void) { rb_str_modify_expand(); return 0; }
/* end */

--------------------

have_func: checking for rb_hash_dup()... -------------------- no

"gcc -o conftest -I/usr/local/rvm/rubies/ruby-2.2.2/include/ruby-2.2.0/x86_64-linux -I/usr/local/rvm/rubies/ruby-2.2.2/include/ruby-2.2.0/ruby/backward -I/usr/local/rvm/rubies/ruby-2.2.2/include/ruby-2.2.0 -I. -I/usr/include     -O3 -fno-fast-math -ggdb3 -Wall -Wextra -Wno-unused-parameter -Wno-parentheses -Wno-long-long -Wno-missing-field-initializers -Wunused-variable -Wpointer-arith -Wwrite-strings -Wdeclaration-after-statement -Wimplicit-function-declaration -Wdeprecated-declarations -Wno-packed-bitfield-compat  -fPIC conftest.c  -L/usr/lib64 -Wl,-R/usr/lib64 -L. -L/usr/local/rvm/rubies/ruby-2.2.2/lib -Wl,-R/usr/local/rvm/rubies/ruby-2.2.2/lib -L. -fstack-protector -rdynamic -Wl,-export-dynamic    -lpq  -Wl,-R/usr/local/rvm/rubies/ruby-2.2.2/lib -L/usr/local/rvm/rubies/ruby-2.2.2/lib -lruby -lpq  -lpthread -lrt -ldl -lcrypt -lm   -lc"
/tmp/cc0lW4nK.o: In function `t':
/home/philippb/railsapps/addman.20161103/vendor/bundle/gems/pg-0.19.0/ext/conftest.c:13: undefined reference to `rb_hash_dup'
collect2: ld returned 1 exit status
checked program was:
/* begin */
 1: #include "ruby.h"
 2: 
 3: /*top*/
 4: extern int t(void);
 5: int main(int argc, char **argv)
 6: {
 7:   if (argc > 1000000) {
 8:     printf("%p", &t);
 9:   }
10: 
11:   return 0;
12: }
13: int t(void) { void ((*volatile p)()); p = (void ((*)()))rb_hash_dup; return 0; }
/* end */

"gcc -o conftest -I/usr/local/rvm/rubies/ruby-2.2.2/include/ruby-2.2.0/x86_64-linux -I/usr/local/rvm/rubies/ruby-2.2.2/include/ruby-2.2.0/ruby/backward -I/usr/local/rvm/rubies/ruby-2.2.2/include/ruby-2.2.0 -I. -I/usr/include     -O3 -fno-fast-math -ggdb3 -Wall -Wextra -Wno-unused-parameter -Wno-parentheses -Wno-long-long -Wno-missing-field-initializers -Wunused-variable -Wpointer-arith -Wwrite-strings -Wdeclaration-after-statement -Wimplicit-function-declaration -Wdeprecated-declarations -Wno-packed-bitfield-compat  -fPIC conftest.c  -L/usr/lib64 -Wl,-R/usr/lib64 -L. -L/usr/local/rvm/rubies/ruby-2.2.2/lib -Wl,-R/usr/local/rvm/rubies/ruby-2.2.2/lib -L. -fstack-protector -rdynamic -Wl,-export-dynamic    -lpq  -Wl,-R/usr/local/rvm/rubies/ruby-2.2.2/lib -L/usr/local/rvm/rubies/ruby-2.2.2/lib -lruby -lpq  -lpthread -lrt -ldl -lcrypt -lm   -lc"
conftest.c: In function ‘t’:
conftest.c:13: error: too few arguments to function ‘rb_hash_dup’
checked program was:
/* begin */
 1: #include "ruby.h"
 2: 
 3: /*top*/
 4: extern int t(void);
 5: int main(int argc, char **argv)
 6: {
 7:   if (argc > 1000000) {
 8:     printf("%p", &t);
 9:   }
10: 
11:   return 0;
12: }
13: int t(void) { rb_hash_dup(); return 0; }
/* end */

--------------------

have_const: checking for PGRES_COPY_BOTH in libpq-fe.h... -------------------- no

"gcc -I/usr/local/rvm/rubies/ruby-2.2.2/include/ruby-2.2.0/x86_64-linux -I/usr/local/rvm/rubies/ruby-2.2.2/include/ruby-2.2.0/ruby/backward -I/usr/local/rvm/rubies/ruby-2.2.2/include/ruby-2.2.0 -I. -I/usr/include     -O3 -fno-fast-math -ggdb3 -Wall -Wextra -Wno-unused-parameter -Wno-parentheses -Wno-long-long -Wno-missing-field-initializers -Wunused-variable -Wpointer-arith -Wwrite-strings -Wdeclaration-after-statement -Wimplicit-function-declaration -Wdeprecated-declarations -Wno-packed-bitfield-compat  -fPIC   -c conftest.c"
conftest.c:7: error: ‘PGRES_COPY_BOTH’ undeclared here (not in a function)
checked program was:
/* begin */
1: #include "ruby.h"
2: 
3: #include <libpq-fe.h>
4: 
5: /*top*/
6: typedef int conftest_type;
7: conftest_type conftestval = (int)PGRES_COPY_BOTH;
/* end */

--------------------

have_const: checking for PGRES_SINGLE_TUPLE in libpq-fe.h... -------------------- no

"gcc -I/usr/local/rvm/rubies/ruby-2.2.2/include/ruby-2.2.0/x86_64-linux -I/usr/local/rvm/rubies/ruby-2.2.2/include/ruby-2.2.0/ruby/backward -I/usr/local/rvm/rubies/ruby-2.2.2/include/ruby-2.2.0 -I. -I/usr/include     -O3 -fno-fast-math -ggdb3 -Wall -Wextra -Wno-unused-parameter -Wno-parentheses -Wno-long-long -Wno-missing-field-initializers -Wunused-variable -Wpointer-arith -Wwrite-strings -Wdeclaration-after-statement -Wimplicit-function-declaration -Wdeprecated-declarations -Wno-packed-bitfield-compat  -fPIC   -c conftest.c"
conftest.c:7: error: ‘PGRES_SINGLE_TUPLE’ undeclared here (not in a function)
checked program was:
/* begin */
1: #include "ruby.h"
2: 
3: #include <libpq-fe.h>
4: 
5: /*top*/
6: typedef int conftest_type;
7: conftest_type conftestval = (int)PGRES_SINGLE_TUPLE;
/* end */

--------------------

have_const: checking for PG_DIAG_TABLE_NAME in libpq-fe.h... -------------------- no

"gcc -I/usr/local/rvm/rubies/ruby-2.2.2/include/ruby-2.2.0/x86_64-linux -I/usr/local/rvm/rubies/ruby-2.2.2/include/ruby-2.2.0/ruby/backward -I/usr/local/rvm/rubies/ruby-2.2.2/include/ruby-2.2.0 -I. -I/usr/include     -O3 -fno-fast-math -ggdb3 -Wall -Wextra -Wno-unused-parameter -Wno-parentheses -Wno-long-long -Wno-missing-field-initializers -Wunused-variable -Wpointer-arith -Wwrite-strings -Wdeclaration-after-statement -Wimplicit-function-declaration -Wdeprecated-declarations -Wno-packed-bitfield-compat  -fPIC   -c conftest.c"
conftest.c:7: error: ‘PG_DIAG_TABLE_NAME’ undeclared here (not in a function)
checked program was:
/* begin */
1: #include "ruby.h"
2: 
3: #include <libpq-fe.h>
4: 
5: /*top*/
6: typedef int conftest_type;
7: conftest_type conftestval = (int)PG_DIAG_TABLE_NAME;
/* end */

--------------------

have_struct_member: checking for struct pgNotify.extra in libpq-fe.h... -------------------- yes

"gcc -I/usr/local/rvm/rubies/ruby-2.2.2/include/ruby-2.2.0/x86_64-linux -I/usr/local/rvm/rubies/ruby-2.2.2/include/ruby-2.2.0/ruby/backward -I/usr/local/rvm/rubies/ruby-2.2.2/include/ruby-2.2.0 -I. -I/usr/include     -O3 -fno-fast-math -ggdb3 -Wall -Wextra -Wno-unused-parameter -Wno-parentheses -Wno-long-long -Wno-missing-field-initializers -Wunused-variable -Wpointer-arith -Wwrite-strings -Wdeclaration-after-statement -Wimplicit-function-declaration -Wdeprecated-declarations -Wno-packed-bitfield-compat  -fPIC   -c conftest.c"
checked program was:
/* begin */
 1: #include "ruby.h"
 2: 
 3: #include <libpq-fe.h>
 4: 
 5: /*top*/
 6: int s = (char *)&((struct pgNotify*)0)->extra - (char *)0;
 7: int main(int argc, char **argv)
 8: {
 9:   return 0;
10: }
/* end */

--------------------

have_header: checking for unistd.h... -------------------- yes

"gcc -E -I/usr/local/rvm/rubies/ruby-2.2.2/include/ruby-2.2.0/x86_64-linux -I/usr/local/rvm/rubies/ruby-2.2.2/include/ruby-2.2.0/ruby/backward -I/usr/local/rvm/rubies/ruby-2.2.2/include/ruby-2.2.0 -I. -I/usr/include     -O3 -fno-fast-math -ggdb3 -Wall -Wextra -Wno-unused-parameter -Wno-parentheses -Wno-long-long -Wno-missing-field-initializers -Wunused-variable -Wpointer-arith -Wwrite-strings -Wdeclaration-after-statement -Wimplicit-function-declaration -Wdeprecated-declarations -Wno-packed-bitfield-compat  -fPIC  conftest.c -o conftest.i"
checked program was:
/* begin */
1: #include "ruby.h"
2: 
3: #include <unistd.h>
/* end */

--------------------

have_header: checking for inttypes.h... -------------------- yes

"gcc -E -I/usr/local/rvm/rubies/ruby-2.2.2/include/ruby-2.2.0/x86_64-linux -I/usr/local/rvm/rubies/ruby-2.2.2/include/ruby-2.2.0/ruby/backward -I/usr/local/rvm/rubies/ruby-2.2.2/include/ruby-2.2.0 -I. -I/usr/include     -O3 -fno-fast-math -ggdb3 -Wall -Wextra -Wno-unused-parameter -Wno-parentheses -Wno-long-long -Wno-missing-field-initializers -Wunused-variable -Wpointer-arith -Wwrite-strings -Wdeclaration-after-statement -Wimplicit-function-declaration -Wdeprecated-declarations -Wno-packed-bitfield-compat  -fPIC  conftest.c -o conftest.i"
checked program was:
/* begin */
1: #include "ruby.h"
2: 
3: #include <inttypes.h>
/* end */

--------------------

have_header: checking for ruby/st.h... -------------------- yes

"gcc -E -I/usr/local/rvm/rubies/ruby-2.2.2/include/ruby-2.2.0/x86_64-linux -I/usr/local/rvm/rubies/ruby-2.2.2/include/ruby-2.2.0/ruby/backward -I/usr/local/rvm/rubies/ruby-2.2.2/include/ruby-2.2.0 -I. -I/usr/include     -O3 -fno-fast-math -ggdb3 -Wall -Wextra -Wno-unused-parameter -Wno-parentheses -Wno-long-long -Wno-missing-field-initializers -Wunused-variable -Wpointer-arith -Wwrite-strings -Wdeclaration-after-statement -Wimplicit-function-declaration -Wdeprecated-declarations -Wno-packed-bitfield-compat  -fPIC  conftest.c -o conftest.i"
checked program was:
/* begin */
1: #include "ruby.h"
2: 
3: #include <ruby/st.h>
/* end */

--------------------

checking for C99 variable length arrays... -------------------- yes

"gcc -I/usr/local/rvm/rubies/ruby-2.2.2/include/ruby-2.2.0/x86_64-linux -I/usr/local/rvm/rubies/ruby-2.2.2/include/ruby-2.2.0/ruby/backward -I/usr/local/rvm/rubies/ruby-2.2.2/include/ruby-2.2.0 -I. -I/usr/include     -O3 -fno-fast-math -ggdb3 -Wall -Wextra -Wno-unused-parameter -Wno-parentheses -Wno-long-long -Wno-missing-field-initializers -Wunused-variable -Wpointer-arith -Wwrite-strings -Wdeclaration-after-statement -Wimplicit-function-declaration -Wdeprecated-declarations -Wno-packed-bitfield-compat  -fPIC   -c conftest.c"
conftest.c: In function ‘test_vla’:
conftest.c:3: warning: unused variable ‘vla’
checked program was:
/* begin */
1: #include "ruby.h"
2: 
3: void test_vla(int l){ int vla[l]; }
/* end */

--------------------

extconf.h is:
/* begin */
 1: #ifndef EXTCONF_H
 2: #define EXTCONF_H
 3: #define HAVE_PQCONNECTIONUSEDPASSWORD 1
 4: #define HAVE_PQISTHREADSAFE 1
 5: #define HAVE_PQPREPARE 1
 6: #define HAVE_PQEXECPARAMS 1
 7: #define HAVE_PQESCAPESTRING 1
 8: #define HAVE_PQESCAPESTRINGCONN 1
 9: #define HAVE_PQGETCANCEL 1
10: #define HAVE_LO_CREATE 1
11: #define HAVE_PG_ENCODING_TO_CHAR 1
12: #define HAVE_PG_CHAR_TO_ENCODING 1
13: #define HAVE_PQSETCLIENTENCODING 1
14: #define HAVE_STRUCT_PGNOTIFY_EXTRA 1
15: #define HAVE_ST_EXTRA 1
16: #define HAVE_ST_NOTIFY_EXTRA 1
17: #define HAVE_UNISTD_H 1
18: #define HAVE_INTTYPES_H 1
19: #define HAVE_RUBY_ST_H 1
20: #define HAVE_VARIABLE_LENGTH_ARRAYS 1
21: #endif
/* end */

